SF:lib/src/core/helpers/deep_link_handler.dart
DA:24,1
DA:29,1
DA:30,1
DA:31,3
DA:32,3
DA:33,1
DA:34,3
DA:47,1
DA:48,4
DA:51,1
DA:52,1
DA:53,1
DA:54,1
DA:55,3
DA:57,1
DA:58,1
DA:59,1
DA:60,1
DA:61,1
DA:62,3
DA:66,1
DA:67,2
DA:70,2
DA:71,1
DA:73,2
DA:74,0
DA:79,2
DA:81,2
DA:83,1
DA:84,2
DA:86,3
DA:89,1
DA:90,2
DA:92,1
DA:93,1
DA:95,3
DA:97,1
DA:103,1
DA:104,1
DA:106,2
DA:109,1
DA:110,1
DA:111,2
DA:112,4
DA:115,3
DA:120,3
DA:122,1
DA:123,2
DA:125,1
DA:126,2
DA:133,1
DA:134,1
DA:135,1
DA:137,3
DA:141,1
DA:142,1
DA:143,3
LF:57
LH:56
end_of_record
SF:lib/src/core/services/shared_preferences_service.dart
DA:13,17
DA:29,15
DA:30,30
DA:38,9
DA:39,18
DA:49,6
DA:50,12
DA:64,1
DA:65,2
DA:73,1
DA:74,2
DA:84,1
DA:85,2
DA:99,1
DA:100,2
DA:108,1
DA:109,2
DA:119,1
DA:120,2
DA:134,1
DA:135,2
DA:143,1
DA:144,2
DA:154,1
DA:155,2
DA:170,10
DA:171,30
DA:179,1
DA:180,2
DA:190,2
DA:191,4
DA:204,1
DA:205,2
DA:216,1
DA:217,2
LF:35
LH:35
end_of_record
SF:lib/src/features/catalog/data/datasources/components_local_datasource.dart
DA:17,9
DA:22,9
DA:23,18
DA:24,9
DA:25,21
DA:26,9
DA:27,1
DA:28,9
DA:29,2
DA:30,9
DA:31,1
DA:32,1
DA:33,27
DA:38,8
DA:43,16
DA:44,24
DA:48,9
DA:49,9
DA:50,9
DA:51,9
DA:52,9
DA:53,9
DA:57,1
DA:58,1
DA:60,1
DA:61,1
DA:62,1
DA:66,1
DA:67,1
DA:71,1
DA:72,1
DA:76,1
DA:77,1
DA:81,1
DA:82,1
DA:86,1
DA:87,1
DA:91,1
DA:92,1
DA:96,1
DA:97,1
DA:101,1
DA:102,1
DA:109,2
DA:110,2
DA:112,2
DA:113,2
DA:114,2
DA:118,2
DA:119,2
DA:123,2
DA:124,2
DA:128,2
DA:129,2
DA:133,2
DA:134,2
LF:56
LH:56
end_of_record
SF:lib/src/features/catalog/data/datasources/favorites_local_datasource.dart
DA:9,9
DA:13,9
DA:15,9
DA:17,9
DA:19,9
DA:20,1
DA:21,1
DA:22,1
DA:23,1
DA:29,9
DA:30,27
DA:34,1
DA:38,2
DA:42,1
DA:46,1
DA:47,2
DA:51,1
DA:52,1
DA:55,1
DA:59,3
LF:20
LH:20
end_of_record
SF:lib/src/features/code_theme_selector/domain/entities/code_theme.dart
DA:6,8
DA:18,15
DA:19,5
DA:20,5
DA:21,5
DA:22,5
DA:23,5
DA:24,5
DA:25,5
DA:26,5
DA:27,5
DA:31,15
DA:32,5
DA:33,5
DA:34,5
DA:35,5
DA:36,5
DA:37,5
DA:38,5
DA:39,5
DA:40,5
DA:41,5
DA:42,5
DA:43,5
DA:44,5
DA:45,5
DA:46,5
DA:47,5
DA:48,5
DA:49,5
LF:30
LH:30
end_of_record
SF:lib/src/features/code_theme_selector/presentation/providers/code_theme_repository_provider.dart
DA:7,27
DA:8,18
LF:2
LH:2
end_of_record
SF:lib/src/features/code_theme_selector/presentation/providers/code_theme_view_model_provider.dart
DA:6,14
DA:7,7
LF:2
LH:2
end_of_record
SF:lib/src/features/code_theme_selector/presentation/view_models/code_theme_view_model.dart
DA:9,21
DA:10,7
DA:13,7
DA:15,14
DA:19,2
DA:25,4
DA:26,4
DA:29,4
DA:31,4
DA:33,4
DA:35,4
LF:11
LH:11
end_of_record
SF:lib/src/core/constants/languages_app.dart
DA:21,9
DA:24,10
LF:2
LH:2
end_of_record
SF:lib/src/core/di/main_navigation_notifier_provider.dart
DA:5,14
DA:6,7
LF:2
LH:2
end_of_record
SF:lib/src/core/navigation/main_navigation_notifier.dart
DA:5,6
DA:9,2
DA:12,8
DA:15,4
LF:4
LH:4
end_of_record
SF:lib/src/core/di/shared_preferences_provider.dart
DA:8,39
DA:9,0
DA:13,61
DA:16,26
DA:18,13
LF:5
LH:4
end_of_record
SF:lib/l10n/app_localizations.dart
DA:66,30
DA:67,60
DA:71,25
DA:72,25
DA:677,2
DA:679,29
DA:681,58
DA:684,29
DA:686,87
DA:688,1
DA:692,30
DA:694,30
DA:695,30
DA:697,0
DA:698,0
DA:699,0
DA:706,30
DA:707,30
DA:708,0
DA:709,30
DA:710,0
DA:711,30
DA:712,30
DA:715,0
LF:24
LH:18
end_of_record
SF:lib/src/core/helpers/deep_link_target.dart
DA:9,4
DA:15,2
DA:21,2
DA:40,2
DA:63,2
DA:79,2
DA:80,6
DA:84,4
DA:85,4
DA:88,2
DA:89,2
DA:94,2
DA:95,1
DA:100,2
DA:101,2
DA:107,2
DA:108,1
DA:114,2
DA:115,2
DA:121,2
LF:20
LH:20
end_of_record
SF:lib/src/features/catalog/data/samples/sample_definitions/elements.dart
DA:18,3
DA:21,3
DA:23,3
DA:24,3
DA:25,3
DA:30,3
DA:31,3
DA:36,3
DA:37,3
DA:42,3
DA:43,3
DA:48,3
DA:49,3
DA:54,3
DA:55,3
DA:60,3
DA:61,3
DA:66,3
DA:67,3
DA:72,3
DA:73,3
DA:82,1
DA:83,1
DA:85,1
DA:86,1
DA:88,2
DA:89,2
DA:91,3
DA:92,1
DA:94,1
DA:95,1
DA:99,1
LF:32
LH:32
end_of_record
SF:lib/src/features/catalog/data/samples/sample_definitions/uis.dart
DA:14,3
DA:17,3
DA:19,3
DA:20,3
DA:21,3
DA:26,3
DA:27,3
DA:32,3
DA:33,3
DA:38,3
DA:39,3
DA:44,3
DA:45,3
DA:54,0
DA:55,0
DA:57,0
DA:58,0
DA:60,0
DA:61,0
DA:63,0
DA:64,0
DA:66,0
DA:67,0
DA:71,0
LF:24
LH:13
end_of_record
SF:lib/src/features/catalog/presentation/providers/components_repository_provider.dart
DA:9,38
DA:10,16
DA:12,8
DA:13,8
DA:14,8
LF:5
LH:5
end_of_record
SF:lib/src/features/catalog/presentation/providers/elements_screen_tab_index_notifier_provider.dart
DA:5,10
DA:6,5
LF:2
LH:2
end_of_record
SF:lib/src/features/catalog/presentation/screens/component_sample/component_sample_args.dart
DA:6,7
LF:1
LH:1
end_of_record
SF:lib/src/features/catalog/presentation/view_models/elements_screen_tab_index_notifier.dart
DA:5,5
DA:9,2
DA:12,6
LF:3
LH:3
end_of_record
SF:lib/src/shared/utils/snack_bar_utils.dart
DA:7,5
DA:8,5
DA:9,5
DA:10,5
DA:11,0
DA:18,3
DA:19,6
DA:20,9
DA:25,3
DA:30,6
DA:31,3
LF:11
LH:10
end_of_record
SF:lib/src/core/models/component_infos_model.dart
DA:6,1
LF:1
LH:1
end_of_record
SF:lib/src/core/models/component_summary_model.dart
DA:7,1
LF:1
LH:1
end_of_record
SF:lib/src/features/catalog/data/models/component_model.dart
DA:8,2
DA:20,6
LF:2
LH:2
end_of_record
SF:lib/src/features/catalog/domain/entities/component.dart
DA:8,9
LF:1
LH:1
end_of_record
SF:lib/src/features/catalog/data/models/interface_model.dart
DA:6,4
LF:1
LH:1
end_of_record
SF:lib/src/features/catalog/data/repositories/components_repository_impl.dart
DA:11,9
DA:21,7
DA:23,14
DA:25,28
DA:29,8
DA:34,16
DA:37,8
LF:7
LH:7
end_of_record
SF:lib/src/features/catalog/data/samples/sample_components/elements/custom_popup_menu_sample.dart
DA:6,2
DA:58,0
DA:59,0
DA:70,2
DA:72,0
DA:73,0
DA:83,0
DA:85,0
DA:86,0
DA:87,0
DA:88,0
DA:89,0
DA:90,0
DA:92,0
DA:94,0
DA:96,0
DA:97,0
DA:98,0
DA:99,0
DA:100,0
DA:101,0
DA:106,0
DA:109,0
DA:112,0
DA:114,0
DA:115,0
DA:117,0
DA:120,0
DA:121,0
DA:122,0
DA:134,0
DA:135,0
DA:139,0
DA:140,0
DA:141,0
DA:142,0
DA:146,0
DA:148,0
DA:149,0
DA:150,0
DA:152,0
DA:153,0
DA:154,0
DA:155,0
DA:156,0
DA:157,0
DA:158,0
DA:159,0
DA:160,0
DA:165,0
DA:169,0
DA:170,0
DA:171,0
DA:172,0
DA:173,0
DA:175,0
DA:176,0
DA:177,0
DA:178,0
DA:182,0
DA:183,0
DA:184,0
LF:62
LH:2
end_of_record
SF:lib/src/features/catalog/data/samples/sample_components/elements/gaps_sample.dart
DA:17,0
DA:18,0
DA:29,2
DA:31,0
DA:32,0
DA:38,0
DA:40,0
DA:41,0
DA:42,0
DA:43,0
DA:44,0
DA:45,0
DA:46,0
DA:47,0
DA:48,0
DA:51,0
DA:52,0
DA:59,0
DA:60,0
DA:62,0
DA:64,0
DA:65,0
DA:71,0
DA:72,0
DA:75,0
DA:76,0
DA:77,0
LF:27
LH:1
end_of_record
SF:lib/src/features/catalog/data/samples/sample_components/elements/image_loader_sample.dart
DA:9,0
DA:10,0
DA:21,2
DA:23,0
DA:24,0
DA:28,0
DA:30,0
DA:31,0
DA:32,0
DA:34,0
DA:35,0
DA:38,0
DA:39,0
DA:45,0
DA:46,0
DA:47,0
DA:61,0
DA:69,0
DA:70,0
DA:82,0
DA:84,0
DA:85,0
DA:88,0
DA:94,0
DA:95,0
DA:98,0
DA:99,0
DA:102,0
DA:108,0
DA:112,0
DA:114,0
DA:115,0
DA:117,0
DA:120,0
DA:122,0
DA:123,0
DA:124,0
DA:125,0
DA:126,0
DA:138,0
DA:146,0
DA:147,0
LF:42
LH:1
end_of_record
SF:lib/src/features/catalog/data/samples/sample_components/elements/infinite_grid_view_sample.dart
DA:9,0
DA:10,0
DA:21,2
DA:23,0
DA:24,0
DA:34,0
DA:35,0
DA:39,0
DA:41,0
DA:44,0
DA:48,0
DA:49,0
DA:50,0
DA:53,0
DA:55,0
DA:59,0
DA:60,0
DA:61,0
DA:62,0
DA:66,0
DA:67,0
DA:68,0
DA:70,0
DA:71,0
DA:72,0
DA:77,0
DA:79,0
DA:81,0
DA:82,0
DA:85,0
DA:87,0
DA:88,0
DA:89,0
DA:91,0
DA:94,0
DA:96,0
DA:98,0
DA:99,0
DA:100,0
DA:103,0
DA:104,0
DA:110,0
DA:111,0
DA:112,0
DA:113,0
DA:114,0
DA:121,0
DA:122,0
DA:124,0
DA:137,0
DA:145,0
DA:147,0
DA:149,0
DA:152,0
LF:54
LH:1
end_of_record
SF:lib/src/features/catalog/data/samples/sample_components/elements/loading_button_sample.dart
DA:5,0
DA:6,0
DA:17,2
DA:19,0
DA:20,0
DA:27,0
DA:29,0
DA:38,0
DA:46,0
DA:47,0
DA:58,0
DA:59,0
DA:61,0
DA:65,0
DA:66,0
DA:68,0
DA:70,0
DA:74,0
DA:75,0
DA:77,0
DA:84,0
DA:85,0
DA:87,0
DA:90,0
DA:91,0
DA:92,0
DA:96,0
DA:98,0
DA:99,0
DA:100,0
DA:101,0
DA:102,0
DA:103,0
DA:104,0
DA:105,0
DA:107,0
DA:111,0
DA:117,0
DA:118,0
DA:119,0
DA:123,0
DA:125,0
DA:126,0
DA:127,0
DA:128,0
DA:129,0
LF:46
LH:1
end_of_record
SF:lib/src/features/catalog/data/samples/sample_components/elements/loading_dialog_sample.dart
DA:5,0
DA:6,0
DA:17,2
DA:19,0
DA:20,0
DA:26,0
DA:27,0
DA:29,0
DA:30,0
DA:31,0
DA:33,0
DA:34,0
DA:35,0
DA:36,0
DA:37,0
DA:47,0
DA:53,0
DA:56,0
DA:57,0
DA:58,0
DA:62,0
DA:64,0
DA:65,0
DA:66,0
DA:67,0
LF:25
LH:1
end_of_record
SF:lib/src/features/catalog/data/samples/sample_components/elements/loading_screen_sample.dart
DA:3,0
DA:4,0
DA:15,2
DA:17,0
DA:18,0
DA:25,0
DA:26,0
DA:27,0
DA:29,0
DA:30,0
DA:31,0
DA:32,0
DA:34,0
DA:35,0
DA:43,0
DA:44,0
DA:47,0
DA:53,0
DA:56,0
DA:57,0
DA:58,0
DA:59,0
DA:63,0
DA:65,0
DA:66,0
DA:67,0
DA:68,0
DA:70,0
DA:71,0
DA:72,0
DA:73,0
LF:31
LH:1
end_of_record
SF:lib/src/features/catalog/data/samples/sample_components/elements/pagination_sample.dart
DA:6,0
DA:7,0
DA:18,2
DA:20,0
DA:21,0
DA:27,0
DA:29,0
DA:30,0
DA:31,0
DA:32,0
DA:35,0
DA:36,0
DA:38,0
DA:41,0
DA:42,0
DA:43,0
DA:44,0
DA:45,0
DA:48,0
DA:51,0
DA:54,0
DA:55,0
DA:56,0
DA:58,0
DA:62,0
DA:64,0
DA:65,0
DA:66,0
DA:67,0
DA:71,0
DA:72,0
DA:73,0
DA:74,0
DA:82,0
DA:83,0
DA:84,0
DA:85,0
DA:88,0
DA:102,0
DA:118,0
DA:120,0
DA:121,0
DA:122,0
DA:124,0
DA:125,0
DA:126,0
DA:135,0
DA:155,0
DA:157,0
DA:158,0
DA:159,0
DA:162,0
DA:163,0
DA:164,0
DA:165,0
DA:168,0
DA:169,0
DA:171,0
DA:172,0
LF:59
LH:1
end_of_record
SF:lib/src/features/catalog/data/samples/sample_components/elements/password_field_sample.dart
DA:3,0
DA:4,0
DA:15,2
DA:17,0
DA:18,0
DA:24,0
DA:26,0
DA:27,0
DA:28,0
DA:29,0
DA:30,0
DA:32,0
DA:33,0
DA:34,0
DA:35,0
DA:38,0
DA:39,0
DA:45,0
DA:46,0
LF:19
LH:1
end_of_record
SF:lib/src/features/catalog/data/samples/sample_components/functions/showaboutdialog_sample.dart
DA:3,0
DA:4,0
DA:15,2
DA:17,0
DA:18,0
DA:29,1
DA:31,1
DA:32,1
DA:33,1
DA:34,0
LF:10
LH:5
end_of_record
SF:lib/src/features/catalog/data/samples/sample_components/functions/showadaptivedialog_sample.dart
DA:5,0
DA:6,0
DA:17,2
DA:19,0
DA:20,0
DA:21,0
DA:23,0
DA:24,0
DA:29,0
DA:30,0
DA:31,0
DA:32,0
DA:43,0
DA:45,0
DA:46,0
DA:47,0
DA:48,0
LF:17
LH:1
end_of_record
SF:lib/src/features/catalog/data/samples/sample_components/functions/showbottomsheet_sample.dart
DA:5,0
DA:6,0
DA:17,2
DA:19,0
DA:20,0
DA:28,0
DA:29,0
DA:32,0
DA:33,0
DA:35,0
DA:36,0
DA:37,0
DA:38,0
DA:40,0
DA:41,0
DA:43,0
DA:53,0
DA:54,0
DA:58,0
DA:59,0
DA:63,0
DA:64,0
DA:68,0
DA:69,0
DA:78,0
DA:79,0
DA:80,0
DA:85,0
DA:86,0
DA:89,0
DA:91,0
DA:92,0
DA:93,0
DA:94,0
DA:95,0
DA:96,0
DA:97,0
DA:98,0
LF:38
LH:1
end_of_record
SF:lib/src/features/catalog/data/samples/sample_components/functions/showcupertinodialog_sample.dart
DA:6,0
DA:7,0
DA:18,2
DA:20,0
DA:21,0
DA:22,0
DA:24,0
DA:25,0
DA:28,0
DA:29,0
DA:30,0
DA:31,0
DA:35,0
DA:36,0
DA:37,0
DA:49,0
DA:51,0
DA:52,0
DA:53,0
DA:54,0
LF:20
LH:1
end_of_record
SF:lib/src/features/catalog/data/samples/sample_components/functions/showcupertinomodalpopup_sample.dart
DA:6,0
DA:7,0
DA:18,2
DA:20,0
DA:21,0
DA:22,0
DA:24,0
DA:25,0
DA:28,0
DA:29,0
DA:30,0
DA:31,0
DA:35,0
DA:36,0
DA:37,0
DA:43,0
DA:44,0
DA:45,0
DA:55,0
DA:57,0
DA:58,0
DA:59,0
DA:60,0
LF:23
LH:1
end_of_record
SF:lib/src/features/catalog/data/samples/sample_components/functions/showdatepicker_sample.dart
DA:4,0
DA:5,0
DA:16,2
DA:18,0
DA:19,0
DA:25,0
DA:26,0
DA:27,0
DA:28,0
DA:32,0
DA:33,0
DA:34,0
DA:35,0
DA:39,0
DA:40,0
DA:45,0
DA:47,0
DA:48,0
DA:49,0
DA:51,0
DA:52,0
DA:53,0
DA:57,0
DA:59,0
DA:67,0
DA:68,0
DA:76,0
DA:77,0
LF:28
LH:1
end_of_record
SF:lib/src/features/catalog/data/samples/sample_components/functions/showdialog_sample.dart
DA:5,0
DA:6,0
DA:17,2
DA:19,0
DA:20,0
DA:24,0
DA:25,0
DA:26,0
DA:27,0
DA:28,0
DA:63,0
DA:64,0
DA:65,0
DA:66,0
DA:67,0
DA:86,0
DA:87,0
DA:88,0
DA:89,0
DA:90,0
DA:111,0
DA:113,0
DA:114,0
DA:115,0
DA:117,0
DA:118,0
DA:119,0
DA:123,0
DA:124,0
DA:128,0
DA:129,0
LF:31
LH:1
end_of_record
SF:lib/src/features/catalog/data/samples/sample_components/functions/showgeneraldialog_sample.dart
DA:5,0
DA:6,0
DA:17,2
DA:19,0
DA:20,0
DA:21,0
DA:26,0
DA:36,0
DA:37,0
DA:38,0
DA:39,0
DA:49,0
DA:51,0
DA:52,0
DA:53,0
DA:54,0
LF:16
LH:1
end_of_record
SF:lib/src/features/catalog/data/samples/sample_components/functions/showlicensepage_sample.dart
DA:3,0
DA:4,0
DA:15,2
DA:17,0
DA:18,0
DA:25,0
DA:27,0
DA:28,0
DA:29,0
DA:30,0
LF:10
LH:1
end_of_record
SF:lib/src/features/catalog/data/samples/sample_components/functions/showmenu_sample.dart
DA:5,0
DA:6,0
DA:17,2
DA:19,0
DA:20,0
DA:27,0
DA:29,0
DA:31,0
DA:32,0
DA:33,0
DA:34,0
DA:35,0
DA:36,0
DA:40,0
DA:43,0
DA:44,0
DA:45,0
DA:52,0
DA:54,0
DA:55,0
DA:62,0
DA:64,0
DA:65,0
DA:66,0
DA:68,0
DA:69,0
DA:70,0
DA:71,0
DA:75,0
LF:29
LH:1
end_of_record
SF:lib/src/features/catalog/data/samples/sample_components/functions/showmodalbottomsheet_sample.dart
DA:5,0
DA:6,0
DA:17,2
DA:19,0
DA:21,0
DA:26,0
DA:27,0
DA:28,0
DA:29,0
DA:30,0
DA:31,0
DA:33,0
DA:34,0
DA:35,0
DA:37,0
DA:47,0
DA:48,0
DA:49,0
DA:54,0
DA:55,0
DA:56,0
DA:61,0
DA:62,0
DA:63,0
DA:70,0
DA:71,0
DA:72,0
DA:87,0
DA:89,0
DA:90,0
DA:91,0
DA:92,0
LF:32
LH:1
end_of_record
SF:lib/src/features/catalog/data/samples/sample_components/functions/showsearch_sample.dart
DA:15,0
DA:17,0
DA:18,0
DA:20,0
DA:21,0
DA:27,0
DA:29,0
DA:31,0
DA:32,0
DA:37,0
DA:38,0
DA:40,0
DA:41,0
DA:44,0
DA:46,0
DA:47,0
DA:48,0
DA:49,0
DA:50,0
DA:54,0
DA:58,0
DA:59,0
DA:61,0
DA:62,0
DA:65,0
DA:66,0
DA:77,2
DA:79,0
DA:80,0
DA:86,0
DA:87,0
DA:88,0
DA:89,0
DA:90,0
DA:91,0
DA:92,0
DA:93,0
DA:99,0
DA:101,0
DA:102,0
DA:103,0
DA:105,0
DA:106,0
DA:107,0
DA:111,0
LF:45
LH:1
end_of_record
SF:lib/src/features/catalog/data/samples/sample_components/functions/showtimepicker_sample.dart
DA:3,0
DA:4,0
DA:15,2
DA:17,0
DA:18,0
DA:24,0
DA:25,0
DA:26,0
DA:27,0
DA:31,0
DA:32,0
DA:37,0
DA:39,0
DA:40,0
DA:41,0
DA:43,0
DA:44,0
DA:45,0
DA:49,0
DA:51,0
DA:59,0
DA:60,0
DA:68,0
DA:69,0
LF:24
LH:1
end_of_record
SF:lib/src/features/catalog/data/samples/sample_components/packages/awesome_snackbar_content_sample.dart
DA:5,2
DA:46,2
DA:86,0
DA:87,0
DA:98,2
DA:100,0
DA:102,0
DA:111,0
DA:112,0
DA:119,0
DA:121,0
DA:122,0
DA:123,0
DA:127,0
DA:128,0
DA:129,0
DA:134,0
DA:135,0
DA:139,0
DA:140,0
DA:141,0
DA:142,0
DA:150,0
DA:151,0
DA:152,0
DA:157,0
DA:159,0
DA:160,0
DA:161,0
DA:163,0
DA:164,0
DA:165,0
DA:171,0
DA:172,0
DA:173,0
DA:174,0
DA:175,0
DA:177,0
DA:179,0
DA:180,0
DA:184,0
DA:185,0
DA:186,0
DA:192,0
DA:193,0
DA:199,0
DA:200,0
DA:201,0
DA:202,0
DA:203,0
DA:205,0
DA:207,0
DA:208,0
DA:212,0
DA:213,0
DA:214,0
LF:56
LH:3
end_of_record
SF:lib/src/features/catalog/data/samples/sample_components/packages/battery_plus_sample.dart
DA:5,0
DA:7,0
DA:8,0
DA:19,2
DA:21,0
DA:22,0
DA:32,0
DA:34,0
DA:35,0
DA:37,0
DA:45,0
DA:48,0
DA:49,0
DA:50,0
DA:55,0
DA:57,0
DA:59,0
DA:62,0
DA:64,0
DA:65,0
DA:69,0
DA:70,0
DA:71,0
DA:72,0
DA:76,0
DA:84,0
DA:85,0
DA:87,0
DA:88,0
DA:89,0
DA:95,0
DA:97,0
DA:103,0
DA:104,0
LF:34
LH:1
end_of_record
SF:lib/src/features/catalog/data/samples/sample_components/packages/bottom_navy_bar_sample.dart
DA:10,0
DA:11,0
DA:22,2
DA:24,0
DA:25,0
DA:31,0
DA:32,0
DA:33,0
DA:37,0
DA:39,0
DA:40,0
DA:41,0
DA:42,0
DA:45,0
DA:46,0
DA:47,0
DA:49,0
DA:50,0
DA:54,0
DA:58,0
LF:20
LH:1
end_of_record
SF:lib/src/features/catalog/data/samples/sample_components/packages/cached_network_image_sample.dart
DA:4,0
DA:5,0
DA:16,2
DA:18,0
DA:20,0
DA:21,0
DA:22,0
DA:25,0
DA:26,0
DA:29,0
DA:32,0
LF:11
LH:1
end_of_record
SF:lib/src/features/catalog/data/samples/sample_components/packages/carousel_slider_sample.dart
DA:4,0
DA:5,0
DA:16,2
DA:18,0
DA:20,0
DA:21,0
DA:22,0
DA:23,0
DA:27,0
DA:28,0
DA:29,0
LF:11
LH:1
end_of_record
SF:lib/src/features/catalog/data/samples/sample_components/packages/circular_countdown_timer_sample.dart
DA:4,0
DA:5,0
DA:16,2
DA:18,0
DA:20,0
DA:21,0
DA:22,0
DA:26,0
DA:27,0
DA:32,0
LF:10
LH:1
end_of_record
SF:lib/src/features/catalog/data/samples/sample_components/packages/device_info_plus_sample.dart
DA:13,2
DA:49,0
DA:61,0
DA:62,0
DA:73,2
DA:75,0
DA:76,0
DA:82,0
DA:83,0
DA:89,0
DA:90,0
DA:91,0
DA:92,0
DA:93,0
DA:94,0
DA:95,0
DA:96,0
DA:97,0
DA:98,0
DA:99,0
DA:100,0
DA:101,0
DA:102,0
DA:103,0
DA:104,0
DA:105,0
DA:106,0
DA:107,0
DA:108,0
DA:109,0
DA:112,0
DA:121,0
DA:123,0
DA:124,0
DA:125,0
DA:127,0
DA:128,0
DA:130,0
DA:139,0
DA:140,0
DA:141,0
DA:142,0
DA:143,0
DA:145,0
DA:147,0
DA:148,0
DA:152,0
DA:153,0
DA:154,0
DA:162,0
DA:163,0
DA:164,0
DA:165,0
DA:167,0
DA:175,0
DA:176,0
DA:177,0
DA:178,0
DA:180,0
DA:181,0
LF:60
LH:2
end_of_record
SF:lib/src/features/catalog/data/samples/sample_components/packages/dio_sample.dart
DA:8,0
DA:14,0
DA:17,0
DA:18,0
DA:19,0
DA:20,0
DA:36,0
DA:37,0
DA:48,2
DA:50,0
DA:51,0
DA:58,0
DA:60,0
DA:62,0
DA:64,0
DA:65,0
DA:66,0
DA:67,0
DA:73,0
DA:83,0
DA:85,0
DA:87,0
DA:89,0
DA:92,0
DA:94,0
DA:95,0
DA:96,0
DA:97,0
DA:98,0
DA:102,0
DA:110,0
DA:112,0
DA:113,0
DA:114,0
DA:115,0
DA:117,0
DA:121,0
DA:122,0
LF:38
LH:1
end_of_record
SF:lib/src/features/catalog/data/samples/sample_components/packages/dotted_border_sample.dart
DA:4,0
DA:5,0
DA:16,2
DA:18,0
DA:19,0
DA:27,0
DA:29,0
DA:30,0
DA:31,0
DA:32,0
DA:35,0
DA:36,0
DA:37,0
DA:38,0
DA:46,0
DA:47,0
DA:49,0
DA:50,0
DA:51,0
DA:57,0
DA:61,0
DA:62,0
DA:63,0
DA:64,0
DA:69,0
DA:70,0
DA:76,0
DA:80,0
DA:81,0
DA:82,0
DA:83,0
DA:88,0
DA:89,0
DA:95,0
DA:99,0
DA:100,0
DA:101,0
DA:102,0
LF:38
LH:1
end_of_record
SF:lib/src/features/catalog/data/samples/sample_components/packages/expandable_sample.dart
DA:5,2
DA:34,0
DA:35,0
DA:46,2
DA:48,0
DA:50,0
DA:51,0
DA:53,0
DA:54,0
DA:57,0
DA:58,0
DA:60,0
DA:63,0
DA:64,0
DA:71,0
DA:73,0
DA:74,0
DA:79,0
DA:81,0
LF:19
LH:2
end_of_record
SF:lib/src/features/catalog/data/samples/sample_components/packages/fl_chart_sample.dart
DA:5,2
DA:15,2
DA:32,2
DA:49,2
DA:66,2
DA:181,0
DA:182,0
DA:193,2
DA:195,0
DA:243,2
DA:251,0
DA:253,0
DA:255,0
DA:257,0
DA:258,0
DA:260,0
DA:261,0
DA:262,0
DA:263,0
DA:273,2
DA:284,0
DA:286,0
DA:288,0
DA:290,0
DA:291,0
DA:294,0
DA:297,0
DA:298,0
DA:300,0
DA:301,0
DA:302,0
DA:313,2
DA:315,0
DA:316,0
DA:322,0
DA:324,0
DA:326,0
DA:328,0
DA:330,0
DA:332,0
DA:334,0
DA:336,0
DA:342,0
DA:344,0
DA:345,0
DA:347,0
DA:349,0
DA:350,0
DA:352,0
DA:353,0
DA:355,0
DA:356,0
DA:359,0
DA:360,0
DA:361,0
DA:367,0
DA:369,0
DA:370,0
DA:372,0
DA:373,0
DA:376,0
DA:377,0
DA:378,0
DA:387,0
DA:388,0
DA:389,0
DA:391,0
DA:392,0
DA:394,0
DA:395,0
DA:396,0
DA:397,0
DA:402,0
DA:403,0
DA:404,0
DA:405,0
DA:406,0
DA:407,0
DA:409,0
DA:410,0
DA:413,0
DA:414,0
DA:417,0
DA:422,0
DA:423,0
DA:424,0
DA:425,0
DA:426,0
DA:427,0
DA:432,0
DA:433,0
DA:434,0
DA:438,0
DA:442,0
DA:443,0
DA:446,0
DA:447,0
DA:448,0
DA:451,0
DA:453,0
DA:454,0
DA:455,0
DA:462,0
DA:463,0
DA:464,0
DA:466,0
DA:467,0
DA:468,0
DA:469,0
DA:472,0
DA:473,0
DA:474,0
DA:475,0
DA:476,0
DA:478,0
DA:479,0
DA:480,0
DA:481,0
DA:485,0
DA:500,2
DA:502,0
DA:504,0
DA:505,0
DA:506,0
DA:508,0
DA:510,0
DA:512,0
DA:518,0
DA:520,0
DA:525,0
DA:526,0
DA:528,0
DA:533,0
DA:534,0
DA:535,0
DA:536,0
DA:538,0
DA:539,0
DA:540,0
DA:545,0
DA:546,0
DA:550,0
DA:551,0
DA:554,0
DA:555,0
DA:556,0
DA:559,0
DA:561,0
DA:562,0
DA:563,0
DA:570,0
DA:571,0
DA:572,0
DA:573,0
DA:574,0
DA:575,0
DA:578,0
DA:582,0
DA:583,0
DA:585,0
DA:587,0
DA:589,0
DA:600,0
DA:604,0
DA:608,0
DA:609,0
DA:611,0
DA:613,0
DA:616,0
DA:617,0
DA:618,0
DA:622,0
DA:623,0
DA:630,2
DA:632,0
DA:633,0
DA:639,0
DA:641,0
DA:642,0
DA:643,0
DA:645,0
DA:647,0
DA:649,0
DA:655,0
DA:656,0
DA:657,0
DA:658,0
DA:659,0
DA:661,0
DA:662,0
DA:663,0
DA:666,0
DA:667,0
DA:668,0
DA:669,0
DA:670,0
DA:674,0
DA:675,0
DA:676,0
DA:677,0
DA:678,0
DA:679,0
DA:685,0
DA:687,0
DA:688,0
DA:690,0
DA:691,0
DA:694,0
DA:696,0
DA:706,0
DA:709,0
DA:710,0
DA:711,0
DA:713,0
DA:714,0
DA:715,0
DA:716,0
DA:731,2
DA:733,0
DA:735,0
DA:737,0
DA:739,0
DA:741,0
DA:747,0
DA:748,0
DA:749,0
DA:750,0
DA:751,0
DA:752,0
DA:753,0
DA:757,0
DA:758,0
DA:759,0
DA:764,0
DA:765,0
DA:766,0
DA:767,0
DA:770,0
DA:771,0
DA:772,0
DA:773,0
DA:780,0
DA:781,0
DA:784,0
DA:785,0
DA:787,0
DA:788,0
DA:789,0
DA:796,0
DA:797,0
DA:798,0
DA:799,0
DA:800,0
DA:801,0
DA:802,0
DA:804,0
DA:805,0
DA:812,0
DA:813,0
DA:814,0
DA:815,0
DA:816,0
DA:817,0
DA:818,0
DA:833,2
DA:835,0
DA:837,0
DA:839,0
DA:841,0
DA:843,0
DA:849,0
DA:851,0
DA:852,0
DA:854,0
DA:855,0
DA:861,0
DA:862,0
DA:863,0
DA:871,0
DA:872,0
DA:874,0
DA:876,0
DA:877,0
DA:879,0
DA:880,0
DA:881,0
DA:884,0
DA:887,0
DA:888,0
DA:889,0
DA:892,0
DA:893,0
DA:896,0
DA:899,0
DA:900,0
DA:901,0
DA:915,2
DA:917,0
DA:919,0
DA:921,0
DA:923,0
DA:925,0
DA:942,0
DA:943,0
DA:944,0
DA:946,0
DA:948,0
DA:949,0
DA:950,0
DA:955,0
DA:956,0
DA:960,0
DA:961,0
DA:964,0
DA:965,0
DA:966,0
DA:969,0
DA:971,0
DA:972,0
DA:973,0
DA:980,0
DA:981,0
DA:982,0
DA:984,0
DA:985,0
DA:986,0
DA:987,0
DA:988,0
DA:990,0
DA:991,0
DA:992,0
DA:994,0
DA:997,0
DA:998,0
DA:999,0
DA:1002,0
DA:1003,0
DA:1004,0
DA:1005,0
DA:1006,0
DA:1024,2
DA:1026,0
DA:1028,0
DA:1029,0
DA:1030,0
DA:1033,0
DA:1035,0
DA:1037,0
DA:1038,0
DA:1040,0
DA:1043,0
DA:1044,0
DA:1045,0
DA:1046,0
DA:1048,0
DA:1049,0
DA:1050,0
DA:1055,0
DA:1056,0
DA:1060,0
DA:1061,0
DA:1064,0
DA:1065,0
DA:1066,0
DA:1069,0
DA:1071,0
DA:1072,0
DA:1073,0
DA:1080,0
DA:1081,0
DA:1082,0
DA:1083,0
DA:1084,0
DA:1085,0
DA:1088,0
DA:1092,0
DA:1093,0
DA:1095,0
DA:1098,0
DA:1100,0
DA:1103,0
DA:1104,0
DA:1105,0
DA:1109,0
DA:1110,0
DA:1111,0
DA:1125,2
DA:1127,0
DA:1129,0
DA:1131,0
DA:1133,0
DA:1135,0
DA:1141,0
DA:1142,0
DA:1143,0
DA:1148,0
DA:1149,0
DA:1150,0
DA:1151,0
DA:1155,0
DA:1156,0
DA:1157,0
DA:1162,0
DA:1163,0
DA:1164,0
DA:1165,0
DA:1167,0
DA:1170,0
DA:1174,0
DA:1175,0
DA:1176,0
DA:1177,0
DA:1184,0
DA:1185,0
DA:1187,0
DA:1190,0
DA:1194,0
DA:1195,0
DA:1197,0
DA:1198,0
DA:1199,0
DA:1206,0
DA:1207,0
DA:1208,0
DA:1209,0
DA:1210,0
DA:1211,0
DA:1212,0
DA:1214,0
DA:1215,0
DA:1221,0
DA:1222,0
DA:1223,0
DA:1224,0
DA:1225,0
DA:1226,0
DA:1227,0
DA:1228,0
DA:1236,0
DA:1240,0
DA:1241,0
DA:1242,0
LF:442
LH:16
end_of_record
SF:lib/src/features/catalog/data/samples/sample_components/packages/flutter_animate_sample.dart
DA:4,0
DA:6,0
DA:9,0
DA:12,0
DA:15,0
DA:18,0
DA:21,0
DA:24,0
DA:27,0
DA:30,0
DA:31,0
DA:42,2
DA:44,0
DA:45,0
DA:49,0
DA:51,0
DA:52,0
DA:53,0
DA:54,0
DA:55,0
DA:56,0
DA:57,0
DA:58,0
DA:60,0
DA:61,0
DA:62,0
DA:63,0
DA:68,0
DA:69,0
DA:72,0
DA:77,0
DA:88,0
DA:89,0
DA:90,0
LF:34
LH:1
end_of_record
SF:lib/src/features/catalog/data/samples/sample_components/packages/flutter_card_swiper_sample.dart
DA:5,2
DA:37,0
DA:38,0
DA:49,2
DA:51,0
DA:53,0
DA:64,0
DA:65,0
DA:66,0
DA:67,0
DA:68,0
DA:69,0
DA:73,0
DA:75,0
DA:77,0
DA:78,0
DA:79,0
DA:81,0
DA:82,0
DA:83,0
DA:85,0
DA:86,0
DA:88,0
DA:90,0
DA:92,0
DA:98,0
DA:100,0
DA:101,0
DA:103,0
DA:107,0
DA:111,0
DA:112,0
DA:116,0
DA:117,0
DA:118,0
DA:119,0
DA:121,0
DA:122,0
DA:123,0
DA:124,0
DA:125,0
DA:126,0
DA:127,0
DA:132,0
DA:138,0
DA:139,0
DA:144,0
DA:145,0
DA:147,0
DA:148,0
DA:150,0
DA:151,0
DA:152,0
DA:156,0
DA:159,0
DA:160,0
DA:174,0
DA:179,0
DA:181,0
DA:184,0
DA:185,0
DA:186,0
DA:187,0
DA:190,0
DA:191,0
DA:192,0
DA:196,0
DA:197,0
DA:199,0
DA:200,0
DA:203,0
DA:204,0
DA:205,0
DA:208,0
DA:213,0
DA:214,0
DA:222,0
DA:223,0
LF:78
LH:2
end_of_record
SF:lib/src/features/catalog/data/samples/sample_components/packages/flutter_chat_bubble_sample.dart
DA:4,0
DA:5,0
DA:16,2
DA:18,0
DA:20,0
DA:21,0
DA:22,0
DA:26,0
DA:28,0
DA:29,0
DA:30,0
DA:43,0
DA:44,0
DA:47,0
LF:14
LH:1
end_of_record
SF:lib/src/features/catalog/data/samples/sample_components/packages/flutter_rating_bar_sample.dart
DA:4,0
DA:5,0
DA:16,2
DA:18,0
DA:19,0
DA:26,0
DA:27,0
DA:28,0
DA:32,0
DA:34,0
DA:35,0
DA:36,0
DA:38,0
DA:39,0
DA:40,0
DA:44,0
DA:45,0
DA:51,0
DA:54,0
DA:55,0
DA:56,0
DA:67,0
DA:70,0
DA:71,0
DA:77,0
DA:79,0
DA:81,0
DA:82,0
DA:83,0
DA:84,0
DA:88,0
LF:31
LH:1
end_of_record
SF:lib/src/features/catalog/data/samples/sample_components/packages/flutter_slidable_sample.dart
DA:15,0
DA:16,0
DA:27,2
DA:29,0
DA:73,2
DA:92,0
DA:94,0
DA:95,0
DA:96,0
DA:97,0
DA:104,0
DA:105,0
DA:106,0
DA:107,0
DA:108,0
DA:111,0
DA:112,0
DA:113,0
DA:114,0
DA:117,0
DA:118,0
DA:119,0
DA:120,0
DA:130,2
DA:141,0
DA:143,0
DA:144,0
DA:145,0
DA:146,0
DA:153,2
DA:155,0
DA:157,0
DA:161,0
DA:162,0
LF:34
LH:4
end_of_record
SF:lib/src/features/catalog/data/samples/sample_components/packages/flutter_spinkit_sample.dart
DA:97,0
DA:98,0
DA:109,2
DA:111,0
DA:113,0
DA:115,0
DA:116,0
DA:117,0
DA:120,0
DA:121,0
DA:124,0
DA:125,0
DA:126,0
LF:13
LH:1
end_of_record
SF:lib/src/features/catalog/data/samples/sample_components/packages/flutter_staggered_grid_view_sample.dart
DA:5,2
DA:12,0
DA:21,0
DA:22,0
DA:33,2
DA:35,0
DA:37,0
DA:38,0
DA:40,0
DA:44,0
DA:45,0
DA:46,0
DA:47,0
DA:48,0
DA:49,0
DA:50,0
DA:51,0
DA:52,0
LF:18
LH:2
end_of_record
SF:lib/src/features/catalog/data/samples/sample_components/packages/flutter_svg_sample.dart
DA:4,0
DA:5,0
DA:16,2
DA:18,0
DA:20,0
DA:21,0
DA:22,0
DA:26,0
LF:8
LH:1
end_of_record
SF:lib/src/features/catalog/data/samples/sample_components/packages/flutter_syntax_highlighter_sample.dart
DA:48,0
DA:49,0
DA:60,2
DA:62,0
DA:64,0
DA:73,0
DA:74,0
DA:75,0
DA:79,0
DA:80,0
DA:81,0
DA:85,0
DA:86,0
DA:87,0
DA:91,0
DA:93,0
DA:94,0
DA:97,0
DA:100,0
DA:102,0
DA:104,0
DA:105,0
DA:106,0
DA:108,0
DA:109,0
DA:111,0
DA:112,0
DA:113,0
DA:114,0
DA:118,0
DA:123,0
DA:124,0
DA:125,0
DA:126,0
DA:128,0
DA:129,0
DA:131,0
DA:133,0
DA:134,0
DA:137,0
DA:138,0
DA:140,0
DA:141,0
DA:143,0
DA:144,0
DA:145,0
LF:46
LH:1
end_of_record
SF:lib/src/features/catalog/data/samples/sample_components/packages/font_awesome_flutter_sample.dart
DA:12,0
DA:13,0
DA:24,2
DA:26,0
DA:28,0
DA:29,0
DA:30,0
DA:34,0
DA:35,0
DA:36,0
LF:10
LH:1
end_of_record
SF:lib/src/features/catalog/data/samples/sample_components/packages/glass_sample.dart
DA:4,0
DA:5,0
DA:16,2
DA:18,0
DA:20,0
DA:21,0
DA:22,0
DA:23,0
DA:34,0
DA:47,0
DA:49,0
LF:11
LH:1
end_of_record
SF:lib/src/features/catalog/data/samples/sample_components/packages/google_fonts_sample.dart
DA:4,0
DA:12,0
DA:13,0
DA:24,2
DA:26,0
DA:28,0
DA:29,0
DA:30,0
DA:33,0
DA:34,0
DA:37,0
DA:38,0
DA:39,0
DA:41,0
LF:14
LH:1
end_of_record
SF:lib/src/features/catalog/data/samples/sample_components/packages/google_mobile_ads_sample.dart
DA:7,0
DA:8,0
DA:19,2
DA:21,0
DA:22,0
DA:26,0
DA:29,0
DA:30,0
DA:31,0
DA:32,0
DA:38,0
DA:40,0
DA:41,0
DA:42,0
DA:44,0
DA:46,0
DA:47,0
DA:48,0
DA:49,0
DA:58,0
DA:59,0
DA:60,0
DA:69,0
DA:70,0
DA:71,0
DA:80,0
DA:81,0
DA:82,0
DA:101,2
DA:103,0
DA:104,0
DA:111,0
DA:112,0
DA:113,0
DA:116,0
DA:117,0
DA:118,0
DA:119,0
DA:122,0
DA:123,0
DA:125,0
DA:126,0
DA:132,0
DA:135,0
DA:137,0
DA:139,0
DA:142,0
DA:144,0
DA:146,0
DA:149,0
DA:151,0
DA:152,0
DA:153,0
DA:154,0
DA:155,0
DA:156,0
DA:161,0
DA:162,0
DA:163,0
DA:164,0
DA:165,0
DA:166,0
DA:167,0
DA:180,2
DA:182,0
DA:183,0
DA:190,0
DA:191,0
DA:192,0
DA:194,0
DA:195,0
DA:196,0
DA:197,0
DA:199,0
DA:201,0
DA:202,0
DA:203,0
DA:206,0
DA:212,0
DA:213,0
DA:214,0
DA:221,0
DA:222,0
DA:223,0
DA:225,0
DA:226,0
DA:228,0
DA:230,0
DA:231,0
DA:233,0
DA:234,0
DA:236,0
DA:237,0
DA:240,0
DA:244,0
DA:247,0
DA:249,0
DA:251,0
DA:254,0
DA:256,0
DA:258,0
DA:261,0
DA:263,0
DA:264,0
DA:265,0
DA:266,0
DA:267,0
DA:268,0
DA:284,2
DA:286,0
DA:287,0
DA:294,0
DA:295,0
DA:296,0
DA:298,0
DA:299,0
DA:300,0
DA:301,0
DA:303,0
DA:305,0
DA:306,0
DA:307,0
DA:310,0
DA:312,0
DA:318,0
DA:319,0
DA:320,0
DA:322,0
DA:327,0
DA:328,0
DA:329,0
DA:331,0
DA:332,0
DA:334,0
DA:336,0
DA:337,0
DA:339,0
DA:340,0
DA:342,0
DA:343,0
DA:346,0
DA:350,0
DA:351,0
DA:352,0
DA:353,0
DA:354,0
DA:361,0
DA:363,0
DA:365,0
DA:368,0
DA:370,0
DA:372,0
DA:375,0
DA:377,0
DA:378,0
DA:379,0
DA:380,0
DA:381,0
DA:382,0
DA:398,2
DA:400,0
DA:401,0
DA:408,0
DA:409,0
DA:410,0
DA:412,0
DA:413,0
DA:414,0
DA:416,0
DA:418,0
DA:419,0
DA:420,0
DA:423,0
DA:429,0
DA:430,0
DA:431,0
DA:436,0
DA:438,0
DA:439,0
DA:440,0
DA:442,0
DA:444,0
DA:445,0
DA:447,0
DA:448,0
DA:451,0
DA:455,0
DA:458,0
DA:459,0
DA:460,0
DA:464,0
DA:466,0
DA:468,0
DA:471,0
DA:473,0
DA:475,0
DA:478,0
DA:480,0
DA:481,0
DA:482,0
DA:483,0
DA:484,0
DA:485,0
LF:203
LH:5
end_of_record
SF:lib/src/features/catalog/data/samples/sample_components/packages/grouped_list_sample.dart
DA:5,2
DA:29,0
DA:30,0
DA:41,2
DA:43,0
DA:45,0
DA:47,0
DA:48,0
DA:49,0
DA:50,0
DA:51,0
DA:53,0
DA:55,0
DA:58,0
DA:59,0
DA:61,0
DA:65,0
DA:66,0
DA:68,0
DA:73,0
DA:75,0
DA:77,0
DA:82,0
DA:83,0
DA:84,0
DA:85,0
DA:86,0
DA:88,0
DA:89,0
LF:29
LH:2
end_of_record
SF:lib/src/features/catalog/data/samples/sample_components/packages/http_sample.dart
DA:10,0
DA:16,0
DA:19,0
DA:20,0
DA:21,0
DA:22,0
DA:36,0
DA:37,0
DA:48,2
DA:50,0
DA:51,0
DA:57,0
DA:59,0
DA:62,0
DA:64,0
DA:65,0
DA:68,0
DA:69,0
DA:70,0
DA:71,0
DA:77,0
DA:87,0
DA:89,0
DA:91,0
DA:94,0
DA:96,0
DA:97,0
DA:98,0
DA:99,0
DA:100,0
DA:104,0
DA:112,0
DA:114,0
DA:115,0
DA:116,0
DA:117,0
DA:119,0
DA:123,0
DA:124,0
DA:126,0
DA:127,0
LF:41
LH:1
end_of_record
SF:lib/src/features/catalog/data/samples/sample_components/packages/infinite_scroll_pagination_sample.dart
DA:6,0
DA:7,0
DA:18,2
DA:20,0
DA:22,0
DA:34,0
DA:35,0
DA:37,0
DA:41,0
DA:42,0
DA:45,0
DA:46,0
DA:48,0
DA:52,0
DA:55,0
DA:58,0
DA:60,0
DA:62,0
DA:65,0
DA:67,0
DA:68,0
DA:69,0
DA:70,0
DA:72,0
DA:75,0
DA:77,0
DA:78,0
DA:79,0
DA:80,0
DA:81,0
DA:82,0
DA:83,0
LF:32
LH:1
end_of_record
SF:lib/src/features/catalog/data/samples/sample_components/packages/like_button_sample.dart
DA:4,0
DA:5,0
DA:16,2
DA:18,0
DA:20,0
DA:21,0
DA:22,0
DA:23,0
DA:24,0
LF:9
LH:1
end_of_record
SF:lib/src/features/catalog/data/samples/sample_components/packages/loading_animation_widget_sample.dart
DA:9,0
DA:10,0
DA:14,0
DA:18,0
DA:22,0
DA:26,0
DA:31,0
DA:35,0
DA:39,0
DA:43,0
DA:47,0
DA:51,0
DA:55,0
DA:59,0
DA:63,0
DA:67,0
DA:71,0
DA:75,0
DA:80,0
DA:84,0
DA:90,0
DA:91,0
DA:102,2
DA:104,0
DA:106,0
DA:108,0
DA:109,0
DA:110,0
DA:113,0
DA:114,0
DA:117,0
DA:118,0
DA:119,0
DA:120,0
LF:34
LH:1
end_of_record
SF:lib/src/features/catalog/data/samples/sample_components/packages/loading_indicator_sample.dart
DA:40,0
DA:41,0
DA:52,2
DA:54,0
DA:56,0
DA:58,0
DA:59,0
DA:60,0
DA:63,0
DA:64,0
DA:67,0
DA:68,0
DA:69,0
DA:70,0
DA:72,0
DA:73,0
LF:16
LH:1
end_of_record
SF:lib/src/features/catalog/data/samples/sample_components/packages/msh_checkbox_sample.dart
DA:11,0
DA:12,0
DA:23,2
DA:25,0
DA:27,0
DA:28,0
DA:29,0
DA:32,0
DA:33,0
DA:34,0
DA:46,0
DA:54,0
DA:55,0
DA:61,0
DA:63,0
DA:64,0
DA:66,0
DA:67,0
DA:68,0
DA:69,0
DA:73,0
DA:76,0
DA:80,0
DA:81,0
DA:82,0
LF:25
LH:1
end_of_record
SF:lib/src/features/catalog/data/samples/sample_components/packages/network_info_plus_sample.dart
DA:6,0
DA:7,0
DA:18,2
DA:20,0
DA:21,0
DA:35,0
DA:36,0
DA:37,0
DA:38,0
DA:39,0
DA:40,0
DA:41,0
DA:42,0
DA:43,0
DA:46,0
DA:47,0
DA:48,0
DA:49,0
DA:50,0
DA:51,0
DA:52,0
DA:54,0
DA:57,0
DA:59,0
DA:61,0
DA:64,0
DA:66,0
DA:67,0
DA:68,0
DA:72,0
DA:73,0
DA:74,0
DA:76,0
DA:77,0
DA:79,0
DA:80,0
DA:82,0
DA:83,0
DA:85,0
DA:86,0
DA:88,0
DA:89,0
DA:91,0
DA:92,0
LF:44
LH:1
end_of_record
SF:lib/src/features/catalog/data/samples/sample_components/packages/photo_view_sample.dart
DA:6,0
DA:7,0
DA:18,2
DA:20,0
DA:22,0
DA:23,0
DA:24,0
DA:25,0
DA:26,0
DA:27,0
DA:29,0
DA:30,0
DA:48,2
DA:50,0
DA:52,0
DA:53,0
DA:54,0
DA:55,0
LF:18
LH:2
end_of_record
SF:lib/src/features/catalog/data/samples/sample_components/packages/pinput_sample.dart
DA:4,0
DA:5,0
DA:16,2
DA:18,0
DA:19,0
DA:25,0
DA:26,0
DA:27,0
DA:28,0
DA:29,0
DA:31,0
DA:33,0
DA:34,0
DA:41,0
DA:43,0
DA:45,0
DA:48,0
DA:50,0
DA:51,0
DA:52,0
DA:53,0
DA:54,0
LF:22
LH:1
end_of_record
SF:lib/src/features/catalog/data/samples/sample_components/packages/salomon_bottom_bar_sample.dart
DA:10,0
DA:11,0
DA:22,2
DA:24,0
DA:25,0
DA:31,0
DA:32,0
DA:33,0
DA:37,0
DA:39,0
DA:40,0
DA:41,0
DA:42,0
DA:45,0
DA:46,0
DA:47,0
DA:48,0
DA:49,0
DA:54,0
DA:59,0
LF:20
LH:1
end_of_record
SF:lib/src/features/catalog/data/samples/sample_components/packages/scroll_infinity_sample.dart
DA:5,0
DA:6,0
DA:17,0
DA:24,0
DA:27,0
DA:28,0
DA:29,0
DA:30,0
DA:47,2
DA:49,0
DA:50,0
DA:57,0
DA:58,0
DA:59,0
DA:61,0
DA:67,0
DA:68,0
DA:71,0
DA:72,0
DA:75,0
DA:77,0
DA:79,0
DA:82,0
DA:84,0
DA:85,0
DA:86,0
DA:88,0
DA:89,0
DA:90,0
DA:91,0
DA:92,0
DA:93,0
LF:32
LH:1
end_of_record
SF:lib/src/features/catalog/data/samples/sample_components/packages/share_plus_sample.dart
DA:5,0
DA:6,0
DA:17,2
DA:19,0
DA:20,0
DA:26,0
DA:28,0
DA:29,0
DA:32,0
DA:33,0
DA:34,0
DA:36,0
DA:40,0
DA:48,0
DA:50,0
DA:51,0
DA:52,0
DA:53,0
LF:18
LH:1
end_of_record
SF:lib/src/features/catalog/data/samples/sample_components/packages/shared_preferences_sample.dart
DA:6,0
DA:7,0
DA:18,2
DA:20,0
DA:22,0
DA:32,0
DA:33,0
DA:35,0
DA:37,0
DA:40,0
DA:41,0
DA:42,0
DA:48,0
DA:51,0
DA:52,0
DA:57,0
DA:62,0
DA:65,0
DA:67,0
DA:69,0
DA:72,0
DA:74,0
DA:76,0
DA:79,0
DA:81,0
DA:82,0
DA:86,0
DA:88,0
DA:89,0
DA:90,0
DA:91,0
DA:96,0
DA:97,0
DA:101,0
DA:102,0
DA:103,0
LF:36
LH:1
end_of_record
SF:lib/src/features/catalog/data/samples/sample_components/packages/shimmer_sample.dart
DA:7,2
DA:21,0
DA:22,0
DA:33,2
DA:35,0
DA:36,0
DA:43,0
DA:45,0
DA:47,0
DA:48,0
DA:49,0
DA:54,0
DA:56,0
DA:58,0
DA:61,0
DA:63,0
DA:64,0
DA:68,0
DA:69,0
DA:70,0
DA:71,0
DA:72,0
DA:74,0
DA:75,0
DA:78,0
DA:79,0
DA:80,0
DA:83,0
DA:84,0
DA:86,0
DA:87,0
DA:93,0
DA:108,0
DA:109,0
DA:111,0
DA:112,0
DA:115,0
DA:116,0
DA:118,0
DA:119,0
DA:125,0
DA:126,0
DA:128,0
DA:129,0
DA:130,0
DA:134,0
DA:135,0
DA:136,0
LF:48
LH:2
end_of_record
SF:lib/src/features/catalog/data/samples/sample_components/packages/side_sheet_sample.dart
DA:11,0
DA:12,0
DA:23,2
DA:25,0
DA:26,0
DA:30,0
DA:33,0
DA:34,0
DA:35,0
DA:36,0
DA:37,0
DA:42,0
DA:43,0
DA:44,0
DA:52,0
DA:54,0
DA:55,0
DA:56,0
DA:58,0
DA:59,0
DA:60,0
DA:61,0
DA:70,0
DA:71,0
DA:72,0
LF:25
LH:1
end_of_record
SF:lib/src/features/catalog/data/samples/sample_components/packages/smooth_page_indicator_sample.dart
DA:4,0
DA:5,0
DA:10,0
DA:12,0
DA:14,0
DA:15,0
DA:16,0
DA:27,0
DA:39,0
DA:40,0
DA:44,0
DA:45,0
DA:47,0
DA:48,0
DA:49,0
DA:54,0
DA:56,0
DA:58,0
DA:59,0
DA:64,0
DA:66,0
DA:68,0
DA:69,0
DA:74,0
DA:76,0
DA:78,0
DA:79,0
DA:84,0
DA:86,0
DA:87,0
DA:88,0
DA:93,0
DA:95,0
DA:96,0
DA:97,0
DA:102,0
DA:104,0
DA:106,0
DA:107,0
DA:112,0
DA:114,0
DA:115,0
DA:116,0
DA:121,0
DA:123,0
DA:124,0
DA:125,0
DA:130,0
DA:132,0
DA:134,0
DA:135,0
DA:140,0
DA:142,0
DA:143,0
DA:144,0
DA:149,0
DA:151,0
DA:152,0
DA:153,0
DA:158,0
DA:160,0
DA:162,0
DA:163,0
DA:168,0
DA:170,0
DA:172,0
DA:173,0
DA:178,0
DA:180,0
DA:181,0
DA:182,0
DA:189,0
DA:190,0
DA:201,2
DA:203,0
DA:205,0
DA:213,0
DA:215,0
DA:217,0
DA:220,0
DA:222,0
DA:223,0
DA:227,0
DA:228,0
DA:229,0
DA:231,0
DA:232,0
DA:233,0
DA:234,0
DA:235,0
DA:239,0
DA:240,0
DA:245,0
DA:246,0
DA:247,0
DA:249,0
DA:250,0
DA:251,0
DA:252,0
DA:255,0
DA:256,0
DA:257,0
DA:258,0
LF:103
LH:1
end_of_record
SF:lib/src/features/catalog/data/samples/sample_components/packages/table_calendar_sample.dart
DA:4,0
DA:5,0
DA:16,2
DA:18,0
DA:19,0
DA:29,0
DA:30,0
DA:31,0
DA:34,0
DA:36,0
DA:37,0
DA:38,0
DA:39,0
DA:46,0
DA:47,0
DA:50,0
DA:52,0
DA:53,0
DA:55,0
DA:56,0
DA:57,0
DA:58,0
DA:61,0
DA:62,0
DA:63,0
DA:64,0
DA:65,0
DA:66,0
DA:67,0
DA:84,0
DA:86,0
DA:87,0
DA:88,0
DA:101,0
DA:102,0
DA:104,0
DA:105,0
DA:106,0
DA:107,0
DA:110,0
DA:111,0
DA:116,0
DA:117,0
DA:124,0
DA:125,0
DA:127,0
DA:136,0
DA:138,0
DA:139,0
DA:140,0
DA:141,0
DA:143,0
DA:148,0
LF:53
LH:1
end_of_record
SF:lib/src/features/catalog/data/samples/sample_components/packages/toastification_sample.dart
DA:5,2
DA:37,2
DA:72,0
DA:73,0
DA:84,2
DA:86,0
DA:87,0
DA:94,0
DA:95,0
DA:96,0
DA:97,0
DA:102,0
DA:106,0
DA:108,0
DA:109,0
DA:110,0
DA:112,0
DA:113,0
DA:114,0
DA:115,0
DA:116,0
DA:117,0
DA:118,0
DA:119,0
DA:121,0
DA:122,0
DA:123,0
DA:124,0
DA:129,0
DA:130,0
DA:131,0
DA:137,0
DA:138,0
DA:139,0
DA:140,0
DA:141,0
DA:142,0
DA:143,0
DA:145,0
DA:146,0
DA:147,0
DA:148,0
DA:153,0
DA:154,0
DA:155,0
DA:161,0
DA:162,0
LF:47
LH:3
end_of_record
SF:lib/src/features/catalog/data/samples/sample_components/packages/url_launcher_sample.dart
DA:8,0
DA:9,0
DA:20,2
DA:22,0
DA:23,0
DA:30,0
DA:32,0
DA:33,0
DA:34,0
DA:36,0
DA:37,0
DA:38,0
DA:39,0
DA:40,0
DA:41,0
DA:43,0
DA:44,0
DA:46,0
DA:47,0
DA:48,0
DA:49,0
DA:61,0
DA:63,0
DA:65,0
DA:68,0
DA:70,0
DA:71,0
DA:75,0
DA:77,0
DA:78,0
DA:79,0
DA:84,0
DA:85,0
DA:89,0
DA:90,0
LF:35
LH:1
end_of_record
SF:lib/src/features/catalog/data/samples/sample_components/packages/uuid_sample.dart
DA:5,3
DA:19,9
DA:20,3
DA:22,3
DA:23,3
DA:26,3
DA:28,0
DA:29,0
DA:32,3
DA:34,0
DA:35,0
DA:36,0
DA:41,3
DA:43,0
DA:44,0
DA:47,3
DA:49,0
DA:50,0
DA:53,3
DA:55,0
DA:56,0
DA:61,0
DA:62,0
DA:73,2
DA:75,3
DA:76,3
DA:83,3
DA:84,6
DA:85,18
DA:89,3
DA:91,3
DA:93,3
DA:96,3
DA:98,3
DA:99,3
DA:100,3
DA:102,3
DA:103,6
DA:105,3
DA:106,3
DA:107,3
DA:108,12
DA:109,6
DA:111,3
DA:113,3
DA:114,6
DA:118,0
DA:119,0
DA:120,0
DA:126,3
DA:127,3
LF:51
LH:35
end_of_record
SF:lib/src/features/catalog/data/samples/sample_components/packages/video_player_sample.dart
DA:6,0
DA:7,0
DA:18,2
DA:20,0
DA:21,0
DA:29,0
DA:30,0
DA:31,0
DA:34,0
DA:35,0
DA:36,0
DA:40,0
DA:44,0
DA:46,0
DA:48,0
DA:49,0
DA:53,0
DA:54,0
DA:55,0
DA:59,0
DA:61,0
DA:63,0
DA:66,0
DA:68,0
DA:69,0
DA:71,0
DA:74,0
DA:76,0
DA:77,0
DA:78,0
DA:80,0
DA:82,0
DA:83,0
DA:84,0
DA:91,0
DA:92,0
DA:93,0
DA:96,0
DA:98,0
DA:99,0
DA:101,0
DA:102,0
DA:103,0
DA:104,0
DA:112,0
DA:114,0
DA:115,0
DA:116,0
DA:117,0
DA:118,0
DA:119,0
DA:123,0
DA:124,0
DA:130,0
DA:132,0
DA:133,0
DA:134,0
DA:135,0
DA:136,0
DA:141,0
DA:142,0
DA:148,0
DA:149,0
DA:150,0
DA:152,0
DA:154,0
DA:155,0
LF:67
LH:1
end_of_record
SF:lib/src/features/catalog/data/samples/sample_components/uis/chat_screen_sample.dart
DA:9,0
DA:12,0
DA:13,0
DA:15,0
DA:19,0
DA:20,0
DA:22,0
DA:38,0
DA:55,0
DA:56,0
DA:59,0
DA:61,0
DA:64,0
DA:66,0
DA:69,0
DA:71,0
DA:74,0
DA:76,0
DA:79,0
DA:81,0
DA:84,0
DA:86,0
DA:89,0
DA:91,0
DA:94,0
DA:96,0
DA:99,0
DA:101,0
DA:104,0
DA:106,0
DA:109,0
DA:111,0
DA:114,0
DA:116,0
DA:119,0
DA:121,0
DA:125,0
DA:127,0
DA:131,0
DA:133,0
DA:136,0
DA:140,0
DA:141,0
DA:152,2
DA:154,1
DA:156,1
DA:157,1
DA:158,1
DA:159,0
DA:160,0
DA:161,0
DA:163,0
DA:164,0
DA:183,2
DA:185,0
DA:186,0
DA:195,0
DA:197,0
DA:199,0
DA:200,0
DA:202,0
DA:205,0
DA:208,0
DA:209,0
DA:210,0
DA:212,0
DA:217,0
DA:218,0
DA:221,0
DA:222,0
DA:225,0
DA:226,0
DA:227,0
DA:230,0
DA:231,0
DA:232,0
DA:234,0
DA:235,0
DA:241,0
DA:242,0
DA:243,0
DA:244,0
DA:249,0
DA:250,0
DA:254,0
DA:257,0
DA:258,0
DA:260,0
DA:265,0
DA:268,0
DA:269,0
DA:270,0
DA:271,0
DA:277,0
DA:279,0
DA:280,0
DA:283,0
DA:286,0
DA:288,0
DA:289,0
DA:290,0
DA:291,0
DA:293,0
DA:296,0
DA:298,0
DA:299,0
DA:300,0
DA:301,0
DA:308,0
DA:309,0
DA:310,0
DA:311,0
DA:312,0
DA:313,0
DA:315,0
DA:316,0
DA:317,0
DA:318,0
DA:319,0
DA:321,0
DA:322,0
DA:323,0
DA:330,0
DA:331,0
DA:332,0
DA:333,0
DA:334,0
DA:336,0
DA:337,0
DA:349,0
DA:357,0
DA:359,0
DA:361,0
DA:362,0
DA:370,0
DA:371,0
DA:372,0
DA:374,0
DA:375,0
DA:376,0
DA:377,0
DA:389,0
DA:406,0
DA:407,0
DA:409,0
DA:412,0
DA:414,0
DA:415,0
DA:417,0
DA:419,0
DA:421,0
DA:423,0
DA:424,0
DA:425,0
DA:427,0
DA:428,0
DA:429,0
DA:430,0
DA:431,0
DA:437,0
DA:438,0
DA:439,0
DA:442,0
DA:443,0
DA:445,0
DA:446,0
DA:450,0
DA:451,0
DA:452,0
DA:453,0
DA:459,0
DA:463,0
DA:464,0
DA:465,0
DA:467,0
DA:480,0
DA:496,0
DA:498,0
DA:500,0
DA:505,0
DA:506,0
DA:507,0
DA:508,0
DA:511,0
DA:515,0
DA:516,0
DA:517,0
DA:518,0
DA:519,0
DA:521,0
DA:522,0
DA:523,0
DA:524,0
DA:527,0
DA:532,0
DA:533,0
DA:537,0
DA:542,0
DA:543,0
DA:545,0
DA:547,0
DA:548,0
DA:549,0
LF:203
LH:6
end_of_record
SF:lib/src/features/catalog/data/samples/sample_components/uis/emails_app_sample.dart
DA:22,0
DA:54,0
DA:55,0
DA:60,0
DA:61,0
DA:62,0
DA:69,0
DA:72,0
DA:73,0
DA:81,0
DA:84,0
DA:85,0
DA:91,0
DA:94,0
DA:95,0
DA:102,0
DA:105,0
DA:106,0
DA:113,0
DA:118,0
DA:119,0
DA:130,2
DA:132,0
DA:134,0
DA:135,0
DA:136,0
DA:137,0
DA:138,0
DA:139,0
DA:141,0
DA:142,0
DA:159,0
DA:162,0
DA:165,0
DA:167,0
DA:171,0
DA:174,0
DA:176,0
DA:180,0
DA:181,0
DA:197,2
DA:199,0
DA:200,0
DA:211,0
DA:212,0
DA:214,0
DA:217,0
DA:218,0
DA:220,0
DA:221,0
DA:222,0
DA:223,0
DA:227,0
DA:230,0
DA:233,0
DA:234,0
DA:237,0
DA:238,0
DA:240,0
DA:241,0
DA:245,0
DA:248,0
DA:249,0
DA:252,0
DA:255,0
DA:256,0
DA:257,0
DA:263,0
DA:265,0
DA:267,0
DA:268,0
DA:269,0
DA:270,0
DA:271,0
DA:275,0
DA:278,0
DA:280,0
DA:281,0
DA:282,0
DA:285,0
DA:288,0
DA:290,0
DA:292,0
DA:295,0
DA:297,0
DA:298,0
DA:299,0
DA:300,0
DA:301,0
DA:302,0
DA:303,0
DA:304,0
DA:305,0
DA:307,0
DA:308,0
DA:309,0
DA:311,0
DA:315,0
DA:316,0
DA:317,0
DA:318,0
DA:319,0
DA:320,0
DA:321,0
DA:322,0
DA:323,0
DA:325,0
DA:326,0
DA:333,0
DA:334,0
DA:335,0
DA:336,0
DA:346,0
DA:365,0
DA:367,0
DA:368,0
DA:369,0
DA:370,0
DA:371,0
DA:375,0
DA:376,0
DA:377,0
DA:378,0
DA:379,0
DA:381,0
DA:413,0
DA:414,0
DA:415,0
DA:417,0
DA:430,0
DA:431,0
DA:432,0
DA:434,0
DA:447,0
DA:448,0
DA:451,0
DA:452,0
DA:453,0
DA:454,0
DA:475,0
DA:490,0
DA:493,0
DA:495,0
DA:502,0
DA:504,0
DA:505,0
DA:510,0
DA:511,0
DA:512,0
DA:513,0
DA:514,0
DA:515,0
DA:516,0
DA:524,0
DA:533,0
DA:534,0
DA:535,0
DA:538,0
DA:539,0
DA:550,0
DA:566,0
DA:568,0
DA:573,0
DA:574,0
DA:579,0
DA:583,0
DA:586,0
DA:587,0
DA:591,0
DA:595,0
DA:597,0
DA:598,0
DA:599,0
DA:600,0
DA:603,0
DA:604,0
DA:605,0
DA:606,0
DA:607,0
DA:608,0
DA:609,0
DA:615,0
DA:616,0
DA:618,0
DA:621,0
DA:623,0
DA:624,0
DA:634,0
DA:660,0
DA:661,0
DA:672,0
DA:673,0
DA:674,0
DA:675,0
DA:676,0
DA:677,0
DA:678,0
DA:679,0
DA:680,0
DA:684,0
DA:685,0
DA:686,0
DA:687,0
DA:689,0
DA:690,0
DA:692,0
DA:697,0
DA:701,0
DA:703,0
DA:704,0
DA:705,0
DA:706,0
DA:708,0
DA:711,0
DA:713,0
DA:714,0
DA:715,0
DA:716,0
DA:717,0
DA:718,0
DA:719,0
DA:721,0
DA:722,0
DA:723,0
DA:724,0
DA:725,0
DA:726,0
DA:728,0
DA:752,0
DA:753,0
DA:754,0
DA:772,0
DA:773,0
DA:774,0
DA:775,0
DA:776,0
DA:777,0
DA:778,0
DA:780,0
DA:781,0
DA:783,0
DA:784,0
DA:785,0
DA:786,0
DA:790,0
DA:791,0
DA:792,0
DA:793,0
DA:795,0
DA:796,0
DA:797,0
DA:798,0
DA:802,0
DA:803,0
DA:804,0
DA:807,0
DA:808,0
DA:809,0
DA:810,0
DA:814,0
DA:815,0
DA:816,0
DA:818,0
DA:821,0
DA:822,0
DA:823,0
DA:824,0
DA:842,0
DA:872,0
DA:874,0
DA:878,0
DA:880,0
DA:881,0
DA:882,0
DA:883,0
DA:885,0
DA:886,0
DA:887,0
DA:888,0
DA:889,0
DA:890,0
DA:902,2
DA:904,0
DA:916,0
DA:934,0
DA:956,0
DA:957,0
DA:963,0
DA:964,0
DA:965,0
DA:966,0
DA:967,0
DA:968,0
DA:969,0
DA:970,0
DA:971,0
DA:972,0
DA:980,0
DA:981,0
DA:982,0
DA:983,0
DA:984,0
DA:985,0
DA:986,0
DA:987,0
DA:994,0
DA:996,0
DA:998,0
DA:1002,0
DA:1003,0
DA:1004,0
DA:1006,0
DA:1009,0
DA:1011,0
DA:1012,0
DA:1013,0
DA:1014,0
DA:1015,0
DA:1019,0
DA:1020,0
DA:1021,0
DA:1022,0
DA:1023,0
DA:1025,0
DA:1030,0
DA:1031,0
DA:1033,0
DA:1034,0
DA:1035,0
DA:1036,0
DA:1037,0
DA:1038,0
DA:1047,0
DA:1048,0
DA:1049,0
DA:1050,0
DA:1057,0
DA:1058,0
DA:1059,0
DA:1060,0
DA:1061,0
DA:1071,0
DA:1072,0
DA:1073,0
DA:1074,0
DA:1075,0
DA:1077,0
DA:1078,0
DA:1079,0
DA:1080,0
DA:1081,0
DA:1087,0
DA:1088,0
DA:1089,0
DA:1106,0
DA:1118,0
DA:1119,0
DA:1125,0
DA:1126,0
DA:1129,0
DA:1131,0
DA:1133,0
DA:1136,0
DA:1138,0
DA:1140,0
DA:1143,0
DA:1145,0
DA:1146,0
DA:1147,0
DA:1149,0
DA:1150,0
DA:1152,0
DA:1154,0
DA:1155,0
DA:1157,0
DA:1158,0
DA:1159,0
DA:1168,0
DA:1182,0
DA:1183,0
DA:1187,0
DA:1188,0
DA:1189,0
DA:1192,0
DA:1195,0
DA:1196,0
DA:1199,0
DA:1201,0
DA:1208,0
DA:1210,0
DA:1211,0
DA:1214,0
DA:1215,0
DA:1216,0
DA:1220,0
DA:1222,0
DA:1224,0
DA:1225,0
DA:1226,0
DA:1231,0
DA:1232,0
DA:1237,0
DA:1238,0
DA:1243,0
DA:1244,0
DA:1260,0
DA:1276,0
DA:1278,0
DA:1279,0
DA:1280,0
DA:1281,0
DA:1285,0
DA:1286,0
DA:1288,0
DA:1289,0
DA:1290,0
DA:1291,0
DA:1295,0
DA:1296,0
DA:1314,0
DA:1332,0
DA:1333,0
DA:1339,0
DA:1340,0
DA:1341,0
DA:1344,0
DA:1347,0
DA:1348,0
DA:1350,0
DA:1351,0
DA:1354,0
DA:1356,0
DA:1358,0
DA:1361,0
DA:1363,0
DA:1364,0
DA:1365,0
DA:1366,0
DA:1367,0
DA:1368,0
DA:1369,0
DA:1370,0
DA:1371,0
DA:1377,0
DA:1378,0
DA:1379,0
DA:1384,0
DA:1385,0
DA:1386,0
DA:1387,0
DA:1388,0
DA:1389,0
DA:1391,0
DA:1396,0
DA:1397,0
DA:1404,0
DA:1408,0
DA:1410,0
DA:1411,0
DA:1412,0
DA:1419,0
DA:1420,0
DA:1455,2
DA:1467,0
DA:1469,0
DA:1470,0
DA:1471,0
DA:1472,0
DA:1473,0
DA:1476,0
DA:1478,0
DA:1480,0
DA:1481,0
DA:1482,0
DA:1483,0
LF:475
LH:4
end_of_record
SF:lib/src/features/catalog/data/samples/sample_components/uis/login_screen_sample.dart
DA:6,0
DA:7,0
DA:18,2
DA:20,0
DA:22,0
DA:23,0
DA:24,0
DA:25,0
DA:26,0
DA:27,0
DA:29,0
DA:30,0
DA:47,2
DA:49,0
DA:51,0
DA:53,0
DA:54,0
DA:60,0
DA:62,0
DA:72,0
DA:74,0
DA:75,0
DA:76,0
DA:80,0
DA:81,0
DA:85,0
DA:86,0
DA:111,0
DA:123,0
DA:125,0
DA:128,0
DA:129,0
DA:130,0
DA:133,0
DA:135,0
DA:136,0
DA:137,0
DA:141,0
DA:142,0
DA:143,0
DA:156,2
DA:158,0
DA:159,0
DA:168,0
DA:170,0
DA:171,0
DA:173,0
DA:176,0
DA:178,0
DA:180,0
DA:181,0
DA:182,0
DA:183,0
DA:184,0
DA:185,0
DA:188,0
DA:191,0
DA:192,0
DA:194,0
DA:197,0
DA:199,0
DA:200,0
DA:201,0
DA:203,0
DA:204,0
DA:212,0
DA:213,0
DA:214,0
DA:215,0
DA:216,0
DA:218,0
DA:223,0
DA:224,0
DA:225,0
DA:226,0
DA:241,0
DA:242,0
DA:243,0
DA:257,0
DA:258,0
DA:266,0
DA:267,0
DA:270,0
DA:272,0
DA:274,0
DA:282,0
DA:283,0
DA:286,0
DA:287,0
DA:291,0
DA:292,0
DA:296,0
DA:297,0
DA:301,0
DA:302,0
DA:306,0
DA:308,0
DA:316,0
DA:320,0
DA:323,0
DA:334,0
DA:346,0
DA:347,0
DA:348,0
DA:349,0
DA:357,0
DA:379,0
DA:381,0
DA:382,0
DA:383,0
DA:384,0
DA:388,0
DA:389,0
DA:390,0
DA:394,0
DA:395,0
DA:400,0
DA:401,0
DA:402,0
DA:406,0
DA:407,0
DA:408,0
DA:418,0
DA:438,0
DA:440,0
DA:443,0
DA:444,0
DA:445,0
DA:446,0
DA:447,0
DA:448,0
DA:451,0
DA:452,0
DA:453,0
DA:454,0
LF:135
LH:3
end_of_record
SF:lib/src/features/catalog/data/samples/sample_components/uis/login_with_background_image_screen_sample.dart
DA:6,0
DA:7,0
DA:18,2
DA:20,0
DA:22,0
DA:23,0
DA:24,0
DA:25,0
DA:26,0
DA:27,0
DA:29,0
DA:30,0
DA:47,2
DA:49,0
DA:51,0
DA:52,0
DA:53,0
DA:54,0
DA:55,0
DA:57,0
DA:59,0
DA:60,0
DA:65,0
DA:66,0
DA:70,0
DA:71,0
DA:74,0
DA:76,0
DA:80,0
DA:82,0
DA:92,0
DA:93,0
DA:94,0
DA:106,0
DA:108,0
DA:109,0
DA:110,0
DA:112,0
DA:113,0
DA:121,0
DA:124,0
DA:125,0
DA:126,0
DA:128,0
DA:130,0
DA:131,0
DA:161,2
DA:177,0
DA:179,0
DA:180,0
DA:181,0
DA:182,0
DA:186,0
DA:187,0
DA:191,0
DA:192,0
DA:193,0
DA:196,0
DA:206,0
DA:207,0
LF:60
LH:3
end_of_record
SF:lib/src/features/catalog/data/samples/sample_components/uis/phone_verification_screen_sample.dart
DA:4,0
DA:5,0
DA:16,2
DA:18,0
DA:20,0
DA:27,0
DA:28,0
DA:36,0
DA:38,0
DA:50,0
DA:51,0
DA:52,0
DA:53,0
DA:54,0
DA:56,0
DA:58,0
DA:59,0
DA:66,0
DA:68,0
DA:70,0
DA:73,0
DA:75,0
DA:77,0
DA:82,0
DA:84,0
DA:111,0
DA:112,0
DA:114,0
DA:115,0
DA:116,0
DA:118,0
DA:128,0
DA:131,0
DA:133,0
DA:139,0
DA:141,0
DA:145,0
DA:146,0
DA:147,0
DA:158,0
DA:159,0
LF:41
LH:1
end_of_record
SF:lib/src/features/catalog/data/samples/sample_components/widgets/actionchip_sample.dart
DA:3,0
DA:4,0
DA:15,2
DA:17,0
DA:18,0
DA:24,0
DA:26,0
DA:27,0
DA:28,0
DA:30,0
DA:31,0
DA:32,0
DA:33,0
DA:34,0
DA:37,0
DA:38,0
DA:40,0
DA:41,0
DA:45,0
DA:46,0
DA:47,0
DA:49,0
DA:50,0
LF:23
LH:1
end_of_record
SF:lib/src/features/catalog/data/samples/sample_components/widgets/alertdialog_sample.dart
DA:5,0
DA:6,0
DA:17,2
DA:19,0
DA:20,0
DA:21,0
DA:23,0
DA:24,0
DA:27,0
DA:28,0
DA:29,0
DA:30,0
DA:34,0
DA:35,0
DA:36,0
DA:47,0
DA:49,0
DA:50,0
DA:51,0
DA:52,0
LF:20
LH:1
end_of_record
SF:lib/src/features/catalog/data/samples/sample_components/widgets/align_sample.dart
DA:4,2
DA:55,0
DA:56,0
DA:67,2
DA:69,1
DA:70,1
DA:79,1
DA:81,1
DA:82,1
DA:83,1
DA:84,1
DA:85,1
DA:86,2
DA:90,1
DA:95,1
DA:96,1
DA:97,1
DA:98,3
DA:99,1
DA:101,1
DA:103,1
DA:104,1
DA:108,0
DA:109,0
DA:110,0
LF:25
LH:20
end_of_record
SF:lib/src/features/catalog/data/samples/sample_components/widgets/animatedalign_sample.dart
DA:3,0
DA:4,0
DA:15,2
DA:17,0
DA:18,0
DA:25,0
DA:28,0
DA:29,0
DA:31,0
DA:32,0
DA:34,0
DA:35,0
DA:37,0
DA:38,0
DA:40,0
DA:41,0
DA:43,0
DA:47,0
DA:48,0
DA:53,0
DA:55,0
DA:56,0
DA:57,0
DA:61,0
DA:64,0
DA:66,0
DA:67,0
DA:68,0
DA:69,0
DA:70,0
DA:72,0
DA:73,0
LF:32
LH:1
end_of_record
SF:lib/src/features/catalog/data/samples/sample_components/widgets/animatedcontainer_sample.dart
DA:5,0
DA:6,0
DA:17,2
DA:19,1
DA:21,1
DA:29,0
DA:30,0
DA:32,0
DA:35,0
DA:36,0
DA:38,0
DA:42,0
DA:46,0
DA:47,0
DA:48,0
DA:52,0
DA:53,0
DA:55,0
DA:58,1
DA:60,1
DA:62,1
DA:65,1
DA:67,1
DA:68,1
DA:69,1
DA:71,1
DA:72,1
DA:75,1
DA:76,1
DA:81,1
DA:82,1
DA:87,1
DA:88,1
DA:89,1
DA:90,1
LF:35
LH:20
end_of_record
SF:lib/src/features/catalog/data/samples/sample_components/widgets/animatedcrossfade_sample.dart
DA:3,0
DA:4,0
DA:15,2
DA:17,0
DA:19,0
DA:25,0
DA:27,0
DA:28,0
DA:29,0
DA:31,0
DA:32,0
DA:34,0
DA:45,0
DA:46,0
DA:47,0
DA:48,0
LF:16
LH:1
end_of_record
SF:lib/src/features/catalog/data/samples/sample_components/widgets/animatedlist_sample.dart
DA:3,0
DA:4,0
DA:15,2
DA:17,0
DA:18,0
DA:26,0
DA:27,0
DA:29,0
DA:31,0
DA:34,0
DA:35,0
DA:37,0
DA:39,0
DA:41,0
DA:46,0
DA:48,0
DA:49,0
DA:50,0
DA:53,0
DA:54,0
DA:56,0
DA:57,0
DA:58,0
DA:60,0
DA:61,0
DA:62,0
DA:72,0
DA:77,0
DA:79,0
DA:80,0
DA:81,0
DA:82,0
DA:84,0
DA:86,0
LF:34
LH:1
end_of_record
SF:lib/src/features/catalog/data/samples/sample_components/widgets/animatedopacity_sample.dart
DA:3,0
DA:4,0
DA:15,2
DA:17,0
DA:18,0
DA:24,0
DA:26,0
DA:27,0
DA:28,0
DA:30,0
DA:31,0
DA:32,0
DA:36,0
DA:43,0
DA:44,0
DA:45,0
DA:46,0
DA:49,0
DA:50,0
LF:19
LH:1
end_of_record
SF:lib/src/features/catalog/data/samples/sample_components/widgets/animatedswitcher_sample.dart
DA:3,0
DA:4,0
DA:15,2
DA:17,0
DA:18,0
DA:24,0
DA:26,0
DA:27,0
DA:28,0
DA:30,0
DA:31,0
DA:33,0
DA:34,0
DA:36,0
DA:37,0
DA:38,0
DA:39,0
DA:43,0
DA:44,0
LF:19
LH:1
end_of_record
SF:lib/src/features/catalog/data/samples/sample_components/widgets/appbar_sample.dart
DA:3,0
DA:4,0
DA:15,2
DA:17,0
DA:19,0
DA:20,0
LF:6
LH:1
end_of_record
SF:lib/src/features/catalog/data/samples/sample_components/widgets/autocomplete_sample.dart
DA:14,0
DA:15,0
DA:26,2
DA:28,0
DA:30,0
DA:31,0
DA:32,0
DA:33,0
DA:34,0
DA:35,0
DA:36,0
DA:40,0
DA:41,0
LF:13
LH:1
end_of_record
SF:lib/src/features/catalog/data/samples/sample_components/widgets/backbutton_sample.dart
DA:3,0
DA:4,0
DA:15,2
DA:17,0
LF:4
LH:1
end_of_record
SF:lib/src/features/catalog/data/samples/sample_components/widgets/backdropfilter_sample.dart
DA:5,0
DA:6,0
DA:17,2
DA:19,0
DA:20,0
DA:27,0
DA:29,0
DA:30,0
DA:31,0
DA:34,0
DA:36,0
DA:37,0
DA:42,0
DA:43,0
DA:44,0
DA:45,0
DA:46,0
DA:48,0
DA:49,0
DA:57,0
DA:59,0
DA:60,0
DA:61,0
DA:62,0
DA:64,0
DA:65,0
DA:67,0
DA:68,0
DA:69,0
DA:73,0
DA:74,0
DA:76,0
DA:77,0
DA:79,0
DA:80,0
DA:81,0
LF:36
LH:1
end_of_record
SF:lib/src/features/catalog/data/samples/sample_components/widgets/badge_sample.dart
DA:3,0
DA:4,0
DA:15,2
DA:17,0
DA:18,0
DA:24,0
DA:26,0
DA:27,0
DA:28,0
DA:30,0
DA:31,0
DA:32,0
DA:38,0
DA:39,0
DA:48,0
DA:49,0
DA:50,0
DA:51,0
DA:54,0
DA:55,0
LF:20
LH:1
end_of_record
SF:lib/src/features/catalog/data/samples/sample_components/widgets/banner_sample.dart
DA:3,0
DA:4,0
DA:15,2
DA:17,0
DA:19,0
DA:20,0
DA:21,0
LF:7
LH:1
end_of_record
SF:lib/src/features/catalog/data/samples/sample_components/widgets/bottomappbar_sample.dart
DA:3,0
DA:4,0
DA:15,2
DA:17,0
DA:19,0
DA:20,0
DA:21,0
DA:28,0
DA:30,0
DA:37,0
DA:38,0
DA:39,0
DA:41,0
DA:42,0
DA:43,0
DA:44,0
DA:50,0
DA:51,0
DA:57,0
DA:58,0
LF:20
LH:1
end_of_record
SF:lib/src/features/catalog/data/samples/sample_components/widgets/bottomnavigationbar_sample.dart
DA:3,0
DA:4,0
DA:15,2
DA:17,0
DA:19,0
DA:31,0
DA:32,0
DA:33,0
DA:37,0
DA:39,0
DA:40,0
DA:41,0
DA:42,0
DA:43,0
DA:44,0
DA:47,0
DA:48,0
DA:49,0
LF:18
LH:1
end_of_record
SF:lib/src/features/catalog/data/samples/sample_components/widgets/card_sample.dart
DA:3,0
DA:4,0
DA:15,2
DA:17,0
DA:19,0
DA:20,0
DA:21,0
DA:22,0
LF:8
LH:1
end_of_record
SF:lib/src/features/catalog/data/samples/sample_components/widgets/carouselview_sample.dart
DA:3,0
DA:4,0
DA:15,2
DA:17,0
DA:19,0
DA:27,0
DA:28,0
DA:29,0
DA:32,0
DA:33,0
DA:34,0
DA:36,0
DA:38,0
DA:40,0
DA:41,0
LF:15
LH:1
end_of_record
SF:lib/src/features/catalog/data/samples/sample_components/widgets/center_sample.dart
DA:3,0
DA:4,0
DA:15,2
DA:17,3
LF:4
LH:2
end_of_record
SF:lib/src/features/catalog/data/samples/sample_components/widgets/checkbox_sample.dart
DA:3,0
DA:4,0
DA:15,2
DA:17,0
DA:18,0
DA:25,0
DA:27,0
DA:28,0
DA:29,0
DA:31,0
DA:38,0
DA:40,0
DA:41,0
DA:42,0
DA:43,0
DA:44,0
DA:47,0
DA:49,0
DA:51,0
DA:62,0
DA:64,0
DA:65,0
DA:66,0
DA:67,0
DA:68,0
DA:72,0
DA:74,0
DA:77,0
LF:28
LH:1
end_of_record
SF:lib/src/features/catalog/data/samples/sample_components/widgets/checkboxlisttile_sample.dart
DA:3,0
DA:4,0
DA:15,2
DA:17,0
DA:18,0
DA:25,0
DA:27,0
DA:28,0
DA:30,0
DA:31,0
DA:32,0
DA:34,0
DA:35,0
DA:36,0
DA:40,0
DA:41,0
DA:46,0
DA:47,0
DA:50,0
DA:51,0
DA:52,0
DA:56,0
DA:57,0
LF:23
LH:1
end_of_record
SF:lib/src/features/catalog/data/samples/sample_components/widgets/chip_sample.dart
DA:3,0
DA:4,0
DA:15,2
DA:17,0
LF:4
LH:1
end_of_record
SF:lib/src/features/catalog/data/samples/sample_components/widgets/choicechip_sample.dart
DA:3,0
DA:4,0
DA:15,2
DA:17,0
DA:18,0
DA:24,0
DA:26,0
DA:27,0
DA:28,0
DA:30,0
DA:31,0
DA:33,0
DA:34,0
DA:35,0
DA:36,0
DA:37,0
DA:38,0
DA:39,0
DA:46,0
DA:48,0
DA:49,0
DA:50,0
DA:51,0
DA:53,0
LF:24
LH:1
end_of_record
SF:lib/src/features/catalog/data/samples/sample_components/widgets/circleavatar_sample.dart
DA:3,0
DA:4,0
DA:15,2
DA:17,0
LF:4
LH:1
end_of_record
SF:lib/src/features/catalog/data/samples/sample_components/widgets/circularprogressindicator_sample.dart
DA:3,0
DA:4,0
DA:15,2
DA:17,0
DA:37,2
DA:39,0
DA:41,0
DA:48,0
DA:50,0
DA:51,0
DA:52,0
DA:53,0
DA:54,0
DA:56,0
DA:57,0
DA:58,0
DA:59,0
DA:60,0
LF:18
LH:2
end_of_record
SF:lib/src/features/catalog/data/samples/sample_components/widgets/clipoval_sample.dart
DA:3,0
DA:4,0
DA:15,2
DA:17,0
DA:19,0
DA:20,0
DA:21,0
DA:22,0
LF:8
LH:1
end_of_record
SF:lib/src/features/catalog/data/samples/sample_components/widgets/clippath_sample.dart
DA:4,0
DA:6,0
DA:7,0
DA:8,0
DA:9,0
DA:10,0
DA:13,0
DA:17,0
DA:18,0
DA:29,2
DA:31,0
DA:33,0
DA:34,0
DA:35,0
DA:36,0
DA:37,0
LF:16
LH:1
end_of_record
SF:lib/src/features/catalog/data/samples/sample_components/widgets/cliprrect_sample.dart
DA:3,0
DA:4,0
DA:15,2
DA:17,0
DA:19,0
DA:20,0
DA:21,0
DA:22,0
DA:23,0
LF:9
LH:1
end_of_record
SF:lib/src/features/catalog/data/samples/sample_components/widgets/colorfiltered_sample.dart
DA:3,0
DA:4,0
DA:15,2
DA:17,0
DA:22,0
DA:24,0
DA:25,0
DA:26,0
DA:29,0
DA:30,0
DA:31,0
DA:32,0
DA:34,0
DA:36,0
DA:39,0
DA:41,0
DA:43,0
DA:48,0
DA:52,0
DA:54,0
DA:56,0
DA:61,0
DA:65,0
DA:67,0
DA:69,0
DA:74,0
DA:78,0
DA:80,0
DA:82,0
DA:87,0
DA:91,0
DA:93,0
DA:95,0
DA:100,0
LF:34
LH:1
end_of_record
SF:lib/src/features/catalog/data/samples/sample_components/widgets/column_sample.dart
DA:9,0
DA:10,0
DA:13,0
DA:19,2
DA:58,0
DA:59,0
DA:60,0
DA:61,0
DA:62,0
DA:64,0
DA:65,0
DA:66,0
DA:67,0
DA:75,2
DA:98,0
DA:99,0
DA:100,0
DA:101,0
DA:103,0
DA:104,0
DA:105,0
DA:106,0
DA:112,0
DA:113,0
DA:124,2
DA:126,0
DA:127,0
DA:134,0
DA:136,0
DA:137,0
DA:139,0
DA:140,0
DA:141,0
DA:142,0
DA:143,0
DA:147,0
DA:149,0
DA:150,0
DA:153,0
DA:154,0
DA:155,0
DA:156,0
DA:157,0
DA:158,0
DA:164,0
DA:165,0
DA:166,0
DA:167,0
DA:168,0
DA:169,0
LF:50
LH:3
end_of_record
SF:lib/src/features/catalog/data/samples/sample_components/widgets/constrainedbox_sample.dart
DA:3,0
DA:4,0
DA:15,2
DA:17,0
DA:19,0
DA:20,0
DA:21,0
DA:26,0
LF:8
LH:1
end_of_record
SF:lib/src/features/catalog/data/samples/sample_components/widgets/container_sample.dart
DA:3,0
DA:4,0
DA:15,2
DA:17,0
DA:19,0
DA:20,0
DA:21,0
LF:7
LH:1
end_of_record
SF:lib/src/features/catalog/data/samples/sample_components/widgets/cupertinoactionsheet_sample.dart
DA:6,0
DA:7,0
DA:18,2
DA:20,0
DA:21,0
DA:22,0
DA:24,0
DA:25,0
DA:28,0
DA:29,0
DA:30,0
DA:31,0
DA:35,0
DA:36,0
DA:37,0
DA:43,0
DA:44,0
DA:45,0
DA:55,0
DA:57,0
DA:58,0
DA:59,0
DA:60,0
LF:23
LH:1
end_of_record
SF:lib/src/features/catalog/data/samples/sample_components/widgets/cupertinoactivityindicator_sample.dart
DA:4,0
DA:5,0
DA:16,2
DA:18,0
LF:4
LH:1
end_of_record
SF:lib/src/features/catalog/data/samples/sample_components/widgets/cupertinoalertdialog_sample.dart
DA:6,0
DA:7,0
DA:18,2
DA:20,0
DA:21,0
DA:22,0
DA:24,0
DA:25,0
DA:28,0
DA:29,0
DA:30,0
DA:31,0
DA:35,0
DA:36,0
DA:37,0
DA:49,0
DA:51,0
DA:52,0
DA:53,0
DA:54,0
LF:20
LH:1
end_of_record
SF:lib/src/features/catalog/data/samples/sample_components/widgets/cupertinobutton_sample.dart
DA:4,0
DA:5,0
DA:16,2
DA:18,0
DA:20,0
DA:21,0
DA:22,0
DA:24,0
DA:25,0
DA:26,0
LF:10
LH:1
end_of_record
SF:lib/src/features/catalog/data/samples/sample_components/widgets/cupertinocontextmenu_sample.dart
DA:4,0
DA:5,0
DA:16,2
DA:18,0
DA:20,0
DA:21,0
DA:22,0
DA:24,0
DA:27,0
DA:28,0
DA:29,0
DA:30,0
DA:31,0
DA:36,0
DA:37,0
DA:38,0
DA:45,0
LF:17
LH:1
end_of_record
SF:lib/src/features/catalog/data/samples/sample_components/widgets/cupertinodatepicker_sample.dart
DA:4,0
DA:5,0
DA:16,2
DA:18,0
DA:20,0
DA:26,0
DA:27,0
DA:29,0
DA:30,0
DA:31,0
DA:32,0
DA:34,0
DA:35,0
DA:36,0
DA:37,0
DA:39,0
DA:42,0
DA:47,0
DA:48,0
DA:57,0
DA:58,0
DA:62,0
DA:64,0
DA:65,0
DA:66,0
DA:68,0
DA:69,0
DA:70,0
DA:72,0
DA:73,0
DA:74,0
DA:77,0
DA:78,0
LF:33
LH:1
end_of_record
SF:lib/src/features/catalog/data/samples/sample_components/widgets/cupertinodialogaction_sample.dart
DA:6,0
DA:7,0
DA:18,2
DA:20,0
DA:21,0
DA:22,0
DA:24,0
DA:25,0
DA:28,0
DA:29,0
DA:30,0
DA:31,0
DA:35,0
DA:36,0
DA:37,0
DA:42,0
DA:43,0
DA:44,0
DA:56,0
DA:58,0
DA:59,0
DA:60,0
DA:61,0
LF:23
LH:1
end_of_record
SF:lib/src/features/catalog/data/samples/sample_components/widgets/cupertinoformsection_sample.dart
DA:4,0
DA:5,0
DA:16,2
DA:18,0
DA:20,0
DA:27,0
DA:29,0
DA:31,0
DA:32,0
DA:33,0
DA:34,0
DA:36,0
DA:37,0
DA:41,0
DA:47,0
DA:49,0
DA:50,0
DA:52,0
DA:53,0
DA:54,0
DA:55,0
DA:56,0
LF:22
LH:1
end_of_record
SF:lib/src/features/catalog/data/samples/sample_components/widgets/cupertinolisttile_sample.dart
DA:4,0
DA:5,0
DA:16,2
DA:18,0
DA:20,0
DA:22,0
DA:23,0
DA:24,0
DA:26,0
DA:27,0
DA:31,0
DA:33,0
DA:43,0
DA:44,0
DA:48,0
DA:50,0
LF:16
LH:1
end_of_record
SF:lib/src/features/catalog/data/samples/sample_components/widgets/cupertinonavigationbar_sample.dart
DA:4,0
DA:5,0
DA:16,2
DA:18,0
DA:20,0
DA:28,0
LF:6
LH:1
end_of_record
SF:lib/src/features/catalog/data/samples/sample_components/widgets/cupertinonavigationbarbackbutton_sample.dart
DA:4,0
DA:5,0
DA:16,2
DA:18,0
LF:4
LH:1
end_of_record
SF:lib/src/features/catalog/data/samples/sample_components/widgets/cupertinopagescaffold_sample.dart
DA:4,0
DA:5,0
DA:16,2
DA:18,0
LF:4
LH:1
end_of_record
SF:lib/src/features/catalog/data/samples/sample_components/widgets/cupertinopicker_sample.dart
DA:12,0
DA:13,0
DA:24,2
DA:26,0
DA:27,0
DA:33,0
DA:34,0
DA:35,0
DA:39,0
DA:40,0
DA:41,0
DA:42,0
DA:44,0
DA:45,0
DA:46,0
DA:47,0
DA:49,0
DA:51,0
DA:54,0
DA:57,0
DA:60,0
DA:61,0
DA:70,0
DA:71,0
DA:75,0
DA:77,0
DA:78,0
DA:79,0
DA:81,0
DA:82,0
DA:83,0
DA:85,0
DA:87,0
DA:88,0
LF:34
LH:1
end_of_record
SF:lib/src/features/catalog/data/samples/sample_components/widgets/cupertinoradio_sample.dart
DA:4,0
DA:5,0
DA:16,2
DA:18,0
DA:19,0
DA:25,0
DA:26,0
DA:27,0
DA:31,0
DA:33,0
DA:34,0
DA:36,0
DA:37,0
DA:38,0
DA:41,0
DA:45,0
DA:47,0
DA:48,0
DA:49,0
DA:50,0
DA:51,0
DA:53,0
DA:54,0
DA:56,0
DA:62,0
DA:64,0
DA:65,0
DA:67,0
LF:28
LH:1
end_of_record
SF:lib/src/features/catalog/data/samples/sample_components/widgets/cupertinosearchtextfield_sample.dart
DA:4,0
DA:5,0
DA:16,2
DA:18,0
DA:20,0
DA:27,0
DA:29,0
DA:30,0
DA:31,0
DA:33,0
DA:35,0
DA:36,0
DA:38,0
DA:39,0
DA:40,0
DA:45,0
LF:16
LH:1
end_of_record
SF:lib/src/features/catalog/data/samples/sample_components/widgets/cupertinosegmentedcontrol_sample.dart
DA:4,0
DA:5,0
DA:16,2
DA:18,0
DA:20,0
DA:27,0
DA:29,0
DA:30,0
DA:31,0
DA:33,0
DA:35,0
DA:36,0
DA:37,0
DA:52,0
DA:53,0
DA:54,0
DA:59,0
LF:17
LH:1
end_of_record
SF:lib/src/features/catalog/data/samples/sample_components/widgets/cupertinoslidingsegmentedcontrol_sample.dart
DA:4,0
DA:5,0
DA:16,2
DA:18,0
DA:20,0
DA:27,0
DA:29,0
DA:30,0
DA:31,0
DA:33,0
DA:35,0
DA:36,0
DA:37,0
DA:52,0
DA:53,0
DA:54,0
DA:59,0
LF:17
LH:1
end_of_record
SF:lib/src/features/catalog/data/samples/sample_components/widgets/cupertinoswitch_sample.dart
DA:4,0
DA:5,0
DA:16,2
DA:18,0
DA:19,0
DA:25,0
DA:27,0
DA:28,0
DA:29,0
DA:31,0
DA:32,0
DA:34,0
DA:35,0
DA:36,0
DA:37,0
DA:38,0
DA:39,0
DA:44,0
DA:45,0
DA:47,0
DA:48,0
DA:49,0
LF:22
LH:1
end_of_record
SF:lib/src/features/catalog/data/samples/sample_components/widgets/cupertinotabbar_sample.dart
DA:4,0
DA:5,0
DA:16,2
DA:18,0
DA:19,0
DA:27,0
DA:29,0
DA:30,0
DA:31,0
DA:32,0
DA:33,0
DA:34,0
DA:37,0
DA:38,0
DA:39,0
DA:40,0
DA:41,0
LF:17
LH:1
end_of_record
SF:lib/src/features/catalog/data/samples/sample_components/widgets/cupertinotabscaffold_sample.dart
DA:4,0
DA:5,0
DA:16,2
DA:18,0
DA:20,0
DA:21,0
DA:37,0
DA:38,0
DA:40,0
DA:41,0
DA:42,0
DA:44,0
DA:45,0
LF:13
LH:1
end_of_record
SF:lib/src/features/catalog/data/samples/sample_components/widgets/cupertinotextfield_sample.dart
DA:4,0
DA:5,0
DA:16,2
DA:18,0
DA:20,0
DA:21,0
DA:22,0
DA:24,0
DA:26,0
DA:31,0
DA:37,0
DA:38,0
DA:39,0
LF:13
LH:1
end_of_record
SF:lib/src/features/catalog/data/samples/sample_components/widgets/cupertinotimerpicker_sample.dart
DA:4,0
DA:5,0
DA:16,2
DA:18,0
DA:20,0
DA:27,0
DA:28,0
DA:30,0
DA:31,0
DA:32,0
DA:33,0
DA:35,0
DA:36,0
DA:37,0
DA:38,0
DA:40,0
DA:42,0
DA:47,0
DA:48,0
DA:57,0
DA:58,0
DA:62,0
DA:64,0
DA:65,0
DA:66,0
DA:68,0
DA:69,0
DA:70,0
DA:72,0
DA:73,0
DA:74,0
DA:77,0
DA:78,0
LF:33
LH:1
end_of_record
SF:lib/src/features/catalog/data/samples/sample_components/widgets/customscrollview_sample.dart
DA:3,0
DA:4,0
DA:15,2
DA:17,0
DA:19,0
DA:20,0
DA:21,0
DA:22,0
DA:25,0
DA:27,0
DA:30,0
DA:32,0
DA:38,0
DA:39,0
DA:40,0
DA:42,0
DA:43,0
DA:50,0
DA:51,0
DA:52,0
DA:53,0
LF:21
LH:1
end_of_record
SF:lib/src/features/catalog/data/samples/sample_components/widgets/datatable_sample.dart
DA:4,2
DA:21,0
DA:29,0
DA:30,0
DA:41,2
DA:43,0
DA:44,0
DA:53,0
DA:58,0
DA:59,0
DA:60,0
DA:63,0
DA:64,0
DA:67,0
DA:68,0
DA:69,0
DA:73,0
DA:74,0
DA:75,0
DA:76,0
DA:80,0
DA:82,0
DA:83,0
DA:84,0
DA:85,0
DA:87,0
DA:88,0
DA:90,0
DA:91,0
DA:92,0
DA:94,0
DA:95,0
DA:98,0
DA:102,0
DA:103,0
DA:104,0
DA:106,0
DA:112,0
DA:113,0
DA:114,0
DA:119,0
DA:120,0
DA:122,0
DA:124,0
DA:125,0
DA:126,0
DA:127,0
DA:128,0
DA:130,0
DA:131,0
DA:136,0
DA:139,0
DA:140,0
DA:145,0
DA:147,0
DA:148,0
DA:154,0
DA:155,0
DA:156,0
DA:157,0
DA:158,0
DA:159,0
DA:161,0
DA:163,0
DA:167,0
DA:168,0
DA:169,0
DA:171,0
DA:172,0
DA:174,0
DA:177,0
DA:181,0
DA:182,0
DA:183,0
DA:184,0
DA:185,0
DA:186,0
DA:188,0
DA:189,0
LF:79
LH:2
end_of_record
SF:lib/src/features/catalog/data/samples/sample_components/widgets/decoratedbox_sample.dart
DA:3,0
DA:4,0
DA:15,2
DA:17,0
LF:4
LH:1
end_of_record
SF:lib/src/features/catalog/data/samples/sample_components/widgets/dialog_sample.dart
DA:5,0
DA:6,0
DA:17,2
DA:19,0
DA:20,0
DA:24,0
DA:26,0
DA:29,0
DA:39,0
DA:41,0
DA:42,0
DA:43,0
DA:44,0
DA:48,0
DA:49,0
DA:50,0
DA:60,0
DA:61,0
DA:62,0
DA:63,0
DA:64,0
DA:65,0
DA:66,0
DA:73,0
DA:74,0
DA:75,0
DA:76,0
DA:78,0
DA:79,0
DA:80,0
DA:81,0
DA:89,0
DA:90,0
DA:91,0
DA:92,0
DA:93,0
DA:94,0
DA:95,0
DA:96,0
DA:97,0
DA:99,0
DA:100,0
DA:103,0
DA:111,0
DA:113,0
DA:130,0
DA:131,0
DA:132,0
DA:134,0
DA:135,0
DA:156,0
DA:158,0
DA:159,0
DA:160,0
DA:164,0
DA:165,0
DA:166,0
DA:169,0
DA:170,0
DA:173,0
DA:174,0
LF:61
LH:1
end_of_record
SF:lib/src/features/catalog/data/samples/sample_components/widgets/dismissible_sample.dart
DA:3,0
DA:4,0
DA:15,2
DA:17,0
DA:25,0
DA:27,0
DA:28,0
DA:30,0
DA:31,0
DA:32,0
DA:33,0
DA:34,0
DA:40,0
DA:42,0
DA:50,0
DA:52,0
DA:53,0
DA:54,0
DA:55,0
DA:66,0
DA:77,0
LF:21
LH:1
end_of_record
SF:lib/src/features/catalog/data/samples/sample_components/widgets/divider_sample.dart
DA:3,0
DA:4,0
DA:15,2
DA:17,0
LF:4
LH:1
end_of_record
SF:lib/src/features/catalog/data/samples/sample_components/widgets/draggable_sample.dart
DA:3,0
DA:4,0
DA:15,2
DA:17,0
DA:18,0
DA:24,0
DA:26,0
DA:27,0
DA:28,0
DA:30,0
DA:31,0
DA:33,0
DA:36,0
DA:38,0
DA:41,0
DA:43,0
DA:55,0
DA:56,0
DA:57,0
DA:58,0
DA:61,0
DA:62,0
DA:65,0
DA:66,0
DA:67,0
DA:69,0
LF:26
LH:1
end_of_record
SF:lib/src/features/catalog/data/samples/sample_components/widgets/draggablescrollablesheet_sample.dart
DA:3,0
DA:4,0
DA:15,2
DA:17,0
DA:19,0
DA:20,0
DA:21,0
DA:23,0
DA:27,0
DA:28,0
DA:29,0
DA:30,0
DA:38,0
DA:41,0
DA:42,0
LF:15
LH:1
end_of_record
SF:lib/src/features/catalog/data/samples/sample_components/widgets/drawer_sample.dart
DA:3,0
DA:4,0
DA:15,2
DA:17,0
DA:19,0
DA:20,0
DA:21,0
DA:22,0
DA:23,0
DA:39,0
DA:44,0
DA:46,0
DA:51,0
DA:53,0
DA:58,0
DA:60,0
DA:65,0
DA:68,0
DA:73,0
DA:78,0
DA:79,0
DA:80,0
DA:81,0
DA:82,0
DA:83,0
LF:25
LH:1
end_of_record
SF:lib/src/features/catalog/data/samples/sample_components/widgets/dropdownbutton_sample.dart
DA:3,0
DA:4,0
DA:15,2
DA:17,0
DA:18,0
DA:24,0
DA:25,0
DA:26,0
DA:30,0
DA:31,0
DA:32,0
DA:33,0
DA:34,0
DA:35,0
DA:41,0
DA:43,0
DA:44,0
DA:45,0
DA:47,0
DA:51,0
DA:53,0
DA:54,0
DA:55,0
DA:56,0
DA:57,0
DA:60,0
DA:61,0
DA:62,0
DA:71,0
DA:73,0
DA:74,0
DA:75,0
DA:76,0
DA:77,0
DA:78,0
DA:82,0
DA:83,0
DA:84,0
DA:85,0
LF:39
LH:1
end_of_record
SF:lib/src/features/catalog/data/samples/sample_components/widgets/dropdownmenu_sample.dart
DA:4,2
DA:20,0
DA:21,0
DA:32,2
DA:34,0
DA:35,0
DA:42,0
DA:44,0
DA:45,0
DA:46,0
DA:47,0
DA:48,0
DA:49,0
DA:54,0
DA:57,0
DA:59,0
DA:60,0
DA:61,0
DA:65,0
DA:67,0
DA:70,0
DA:71,0
DA:72,0
DA:73,0
DA:74,0
DA:75,0
DA:82,0
DA:83,0
DA:86,0
DA:87,0
DA:88,0
DA:89,0
DA:96,0
DA:97,0
DA:98,0
DA:99,0
DA:100,0
DA:101,0
DA:108,0
DA:109,0
DA:110,0
DA:111,0
DA:112,0
DA:113,0
DA:114,0
DA:115,0
DA:116,0
DA:119,0
DA:120,0
DA:121,0
DA:128,0
DA:129,0
DA:132,0
DA:133,0
DA:134,0
DA:135,0
DA:142,0
DA:145,0
DA:146,0
DA:147,0
DA:148,0
DA:149,0
DA:156,0
DA:158,0
DA:159,0
DA:160,0
LF:66
LH:2
end_of_record
SF:lib/src/features/catalog/data/samples/sample_components/widgets/editabletext_sample.dart
DA:5,0
DA:6,0
DA:17,2
DA:19,0
DA:20,0
DA:29,0
DA:31,0
DA:35,0
DA:36,0
DA:38,0
DA:39,0
DA:40,0
DA:41,0
DA:44,0
DA:48,0
DA:49,0
DA:51,0
DA:52,0
LF:18
LH:1
end_of_record
SF:lib/src/features/catalog/data/samples/sample_components/widgets/elevatedbutton_sample.dart
DA:3,0
DA:4,0
DA:15,2
DA:17,0
DA:19,0
DA:20,0
DA:21,0
DA:23,0
DA:24,0
DA:25,0
LF:10
LH:1
end_of_record
SF:lib/src/features/catalog/data/samples/sample_components/widgets/expanded_sample.dart
DA:3,0
DA:4,0
DA:15,2
DA:17,0
DA:19,0
DA:20,0
DA:21,0
DA:22,0
DA:23,0
DA:27,0
DA:29,0
DA:33,0
DA:35,0
LF:13
LH:1
end_of_record
SF:lib/src/features/catalog/data/samples/sample_components/widgets/expansionpanellist_sample.dart
DA:4,0
DA:14,0
DA:16,0
DA:17,0
DA:18,0
DA:22,0
DA:23,0
DA:34,2
DA:36,0
DA:38,0
DA:42,0
DA:44,0
DA:45,0
DA:47,0
DA:48,0
DA:51,0
DA:52,0
DA:53,0
DA:54,0
DA:57,0
DA:58,0
DA:59,0
DA:60,0
DA:61,0
DA:64,0
DA:65,0
DA:67,0
DA:69,0
DA:74,0
DA:75,0
DA:76,0
DA:78,0
DA:79,0
DA:80,0
DA:83,0
DA:84,0
LF:36
LH:1
end_of_record
SF:lib/src/features/catalog/data/samples/sample_components/widgets/expansiontile_sample.dart
DA:3,0
DA:4,0
DA:15,2
DA:17,0
DA:19,0
DA:20,0
DA:21,0
DA:23,0
DA:24,0
DA:25,0
DA:26,0
LF:11
LH:1
end_of_record
SF:lib/src/features/catalog/data/samples/sample_components/widgets/filledbutton_sample.dart
DA:3,0
DA:4,0
DA:15,2
DA:17,0
DA:19,0
DA:20,0
DA:21,0
DA:23,0
DA:26,0
DA:28,0
DA:29,0
DA:30,0
DA:43,0
DA:45,0
DA:46,0
DA:47,0
DA:60,0
DA:62,0
DA:63,0
DA:64,0
DA:69,0
DA:79,0
DA:81,0
DA:82,0
DA:83,0
DA:88,0
LF:26
LH:1
end_of_record
SF:lib/src/features/catalog/data/samples/sample_components/widgets/filterchip_sample.dart
DA:10,0
DA:11,0
DA:22,2
DA:24,0
DA:25,0
DA:31,0
DA:34,0
DA:37,0
DA:41,0
DA:46,0
DA:49,0
DA:51,0
DA:52,0
DA:56,0
DA:57,0
DA:59,0
DA:60,0
DA:64,0
DA:65,0
DA:67,0
DA:68,0
DA:69,0
DA:72,0
DA:79,0
DA:83,0
DA:84,0
DA:86,0
DA:87,0
DA:88,0
DA:96,0
DA:97,0
DA:98,0
DA:100,0
DA:101,0
DA:103,0
DA:110,0
DA:111,0
DA:112,0
DA:113,0
LF:39
LH:1
end_of_record
SF:lib/src/features/catalog/data/samples/sample_components/widgets/flexible_sample.dart
DA:3,0
DA:4,0
DA:15,2
DA:17,0
DA:19,0
DA:20,0
DA:22,0
DA:24,0
DA:27,0
DA:28,0
DA:29,0
DA:30,0
DA:32,0
DA:34,0
DA:36,0
DA:37,0
DA:44,0
DA:45,0
DA:46,0
DA:47,0
DA:53,0
DA:54,0
DA:61,0
DA:62,0
DA:63,0
DA:65,0
DA:71,0
DA:73,0
LF:28
LH:1
end_of_record
SF:lib/src/features/catalog/data/samples/sample_components/widgets/floatingactionbutton_sample.dart
DA:34,0
DA:35,0
DA:46,2
DA:48,0
DA:52,0
DA:53,0
DA:55,0
DA:56,0
DA:57,0
DA:66,0
DA:68,0
DA:69,0
DA:70,0
DA:74,0
DA:75,0
DA:76,0
DA:77,0
DA:78,0
DA:80,0
DA:82,0
DA:83,0
DA:97,0
DA:105,0
DA:107,0
DA:114,0
DA:115,0
DA:116,0
DA:117,0
DA:118,0
DA:122,0
DA:123,0
DA:124,0
DA:127,0
DA:128,0
DA:129,0
DA:132,0
DA:133,0
DA:134,0
DA:140,0
DA:142,0
DA:143,0
DA:145,0
DA:146,0
DA:147,0
DA:154,0
DA:155,0
DA:156,0
DA:157,0
DA:158,0
DA:159,0
DA:161,0
DA:169,0
DA:170,0
DA:171,0
DA:172,0
DA:173,0
DA:174,0
DA:180,0
DA:181,0
DA:182,0
DA:183,0
LF:61
LH:1
end_of_record
SF:lib/src/features/catalog/data/samples/sample_components/widgets/flow_sample.dart
DA:4,0
DA:7,0
DA:8,0
DA:10,0
DA:12,0
DA:16,0
DA:27,0
DA:28,0
DA:39,2
DA:41,0
DA:43,0
DA:44,0
DA:45,0
DA:48,0
DA:49,0
DA:51,0
DA:52,0
DA:58,0
LF:18
LH:1
end_of_record
SF:lib/src/features/catalog/data/samples/sample_components/widgets/flutterlogo_sample.dart
DA:3,0
DA:4,0
DA:15,2
DA:17,0
LF:4
LH:1
end_of_record
SF:lib/src/features/catalog/data/samples/sample_components/widgets/form_sample.dart
DA:3,0
DA:4,0
DA:15,2
DA:17,0
DA:18,0
DA:26,0
DA:27,0
DA:28,0
DA:29,0
DA:30,0
DA:32,0
DA:33,0
DA:40,0
DA:42,0
DA:43,0
DA:45,0
DA:48,0
DA:50,0
DA:51,0
DA:53,0
DA:54,0
DA:55,0
DA:58,0
DA:59,0
DA:60,0
DA:65,0
DA:66,0
DA:68,0
DA:69,0
DA:77,0
DA:78,0
DA:84,0
DA:85,0
DA:87,0
DA:88,0
DA:90,0
DA:98,0
DA:99,0
LF:38
LH:1
end_of_record
SF:lib/src/features/catalog/data/samples/sample_components/widgets/futurebuilder_sample.dart
DA:3,0
DA:4,0
DA:15,2
DA:17,0
DA:18,0
DA:22,0
DA:23,0
DA:27,0
DA:33,0
DA:35,0
DA:36,0
DA:37,0
DA:38,0
DA:39,0
DA:45,0
DA:46,0
DA:47,0
DA:48,0
DA:49,0
DA:50,0
LF:20
LH:1
end_of_record
SF:lib/src/features/catalog/data/samples/sample_components/widgets/gesturedetector_sample.dart
DA:3,0
DA:4,0
DA:15,2
DA:17,0
DA:18,0
DA:22,0
DA:23,0
DA:24,0
DA:26,0
DA:28,0
DA:34,0
DA:36,0
DA:37,0
DA:38,0
DA:40,0
DA:41,0
DA:42,0
DA:46,0
LF:18
LH:1
end_of_record
SF:lib/src/features/catalog/data/samples/sample_components/widgets/gridview_sample.dart
DA:5,0
DA:6,0
DA:7,0
DA:9,0
DA:10,0
DA:11,0
DA:16,0
DA:17,0
DA:28,2
DA:30,0
DA:31,0
DA:37,0
DA:39,0
DA:40,0
DA:41,0
DA:44,0
DA:46,0
DA:47,0
DA:49,0
DA:50,0
DA:54,0
DA:56,0
DA:57,0
DA:61,0
DA:62,0
DA:63,0
LF:26
LH:1
end_of_record
SF:lib/src/features/catalog/data/samples/sample_components/widgets/hero_sample.dart
DA:5,0
DA:6,0
DA:17,2
DA:19,0
DA:21,0
DA:22,0
DA:23,0
DA:24,0
DA:25,0
DA:26,0
DA:27,0
DA:28,0
DA:44,2
DA:46,0
DA:48,0
DA:49,0
DA:50,0
DA:51,0
DA:52,0
LF:19
LH:2
end_of_record
SF:lib/src/features/catalog/data/samples/sample_components/widgets/iconbutton_sample.dart
DA:3,0
DA:4,0
DA:15,2
DA:17,0
DA:36,2
DA:38,0
DA:39,0
DA:45,0
DA:47,0
DA:49,0
DA:52,0
DA:53,0
DA:54,0
DA:55,0
DA:56,0
DA:59,0
DA:63,0
DA:65,0
DA:77,2
DA:79,0
DA:80,0
DA:86,0
DA:88,0
DA:89,0
DA:91,0
DA:94,0
DA:95,0
DA:96,0
DA:97,0
DA:98,0
DA:101,0
DA:102,0
DA:103,0
DA:107,0
DA:111,0
DA:113,0
DA:114,0
DA:115,0
DA:119,0
LF:39
LH:3
end_of_record
SF:lib/src/features/catalog/data/samples/sample_components/widgets/ignorepointer_sample.dart
DA:3,0
DA:4,0
DA:15,2
DA:17,0
DA:18,0
DA:24,0
DA:26,0
DA:27,0
DA:28,0
DA:30,0
DA:31,0
DA:32,0
DA:33,0
DA:34,0
DA:39,0
DA:40,0
DA:41,0
DA:42,0
DA:45,0
DA:46,0
LF:20
LH:1
end_of_record
SF:lib/src/features/catalog/data/samples/sample_components/widgets/image_sample.dart
DA:3,0
DA:4,0
DA:15,2
DA:17,0
DA:19,0
DA:20,0
DA:21,0
LF:7
LH:1
end_of_record
SF:lib/src/features/catalog/data/samples/sample_components/widgets/indexedstack_sample.dart
DA:12,0
DA:13,0
DA:16,0
DA:17,0
DA:28,2
DA:30,0
DA:31,0
DA:37,0
DA:39,0
DA:40,0
DA:41,0
DA:43,0
DA:44,0
DA:45,0
DA:46,0
DA:47,0
DA:49,0
DA:50,0
DA:51,0
DA:52,0
DA:64,0
DA:65,0
DA:66,0
DA:67,0
DA:68,0
DA:70,0
DA:73,0
DA:74,0
DA:75,0
LF:29
LH:1
end_of_record
SF:lib/src/features/catalog/data/samples/sample_components/widgets/inkwell_sample.dart
DA:3,0
DA:4,0
DA:15,2
DA:17,0
DA:19,0
DA:20,0
DA:21,0
DA:23,0
DA:24,0
DA:25,0
DA:26,0
DA:27,0
DA:36,0
DA:37,0
DA:38,0
LF:15
LH:1
end_of_record
SF:lib/src/features/catalog/data/samples/sample_components/widgets/inputchip_sample.dart
DA:3,0
DA:4,0
DA:15,2
DA:17,0
DA:18,0
DA:26,0
DA:27,0
DA:28,0
DA:30,0
DA:33,0
DA:36,0
DA:37,0
DA:38,0
DA:39,0
DA:46,0
DA:49,0
DA:50,0
DA:51,0
DA:55,0
DA:56,0
DA:57,0
DA:61,0
DA:62,0
DA:64,0
DA:68,0
DA:69,0
DA:72,0
DA:74,0
DA:76,0
DA:79,0
DA:81,0
DA:82,0
DA:83,0
DA:85,0
DA:86,0
DA:90,0
DA:91,0
DA:92,0
DA:93,0
DA:95,0
DA:96,0
DA:97,0
DA:99,0
DA:104,0
DA:106,0
DA:107,0
DA:108,0
DA:111,0
DA:112,0
DA:115,0
DA:116,0
LF:51
LH:1
end_of_record
SF:lib/src/features/catalog/data/samples/sample_components/widgets/interactiveviewer_sample.dart
DA:3,0
DA:4,0
DA:15,2
DA:17,0
DA:19,0
DA:20,0
DA:21,0
DA:22,0
LF:8
LH:1
end_of_record
SF:lib/src/features/catalog/data/samples/sample_components/widgets/linearprogressindicator_sample.dart
DA:3,0
DA:4,0
DA:15,2
DA:17,0
DA:35,2
DA:37,0
DA:39,0
DA:46,0
DA:48,0
DA:50,0
DA:51,0
DA:52,0
DA:53,0
DA:55,0
DA:56,0
DA:57,0
DA:58,0
DA:59,0
LF:18
LH:2
end_of_record
SF:lib/src/features/catalog/data/samples/sample_components/widgets/listenablebuilder_sample.dart
DA:3,0
DA:4,0
DA:15,2
DA:17,0
DA:19,0
DA:25,0
DA:27,0
DA:28,0
DA:29,0
DA:30,0
DA:31,0
DA:32,0
DA:33,0
DA:42,0
DA:43,0
DA:44,0
LF:16
LH:1
end_of_record
SF:lib/src/features/catalog/data/samples/sample_components/widgets/listtile_sample.dart
DA:3,0
DA:4,0
DA:15,2
DA:17,0
DA:19,0
DA:20,0
DA:22,0
DA:31,0
DA:32,0
LF:9
LH:1
end_of_record
SF:lib/src/features/catalog/data/samples/sample_components/widgets/listview_sample.dart
DA:3,0
DA:4,0
DA:15,2
DA:17,0
DA:19,0
DA:20,0
DA:22,0
DA:23,0
DA:24,0
DA:25,0
LF:10
LH:1
end_of_record
SF:lib/src/features/catalog/data/samples/sample_components/widgets/material_banner_sample.dart
DA:3,0
DA:4,0
DA:15,2
DA:17,0
DA:18,0
DA:22,0
DA:23,0
DA:24,0
DA:26,0
DA:27,0
DA:28,0
DA:29,0
DA:40,0
DA:42,0
DA:43,0
DA:44,0
DA:45,0
LF:17
LH:1
end_of_record
SF:lib/src/features/catalog/data/samples/sample_components/widgets/menuanchor_sample.dart
DA:3,0
DA:4,0
DA:15,2
DA:17,0
DA:18,0
DA:24,0
DA:26,0
DA:27,0
DA:28,0
DA:29,0
DA:30,0
DA:31,0
DA:32,0
DA:38,0
DA:39,0
DA:40,0
DA:41,0
DA:51,0
DA:52,0
DA:53,0
DA:54,0
DA:55,0
DA:56,0
LF:23
LH:1
end_of_record
SF:lib/src/features/catalog/data/samples/sample_components/widgets/navigationbar_sample.dart
DA:9,0
DA:10,0
DA:21,2
DA:23,0
DA:24,0
DA:30,0
DA:32,0
DA:33,0
DA:34,0
DA:35,0
DA:38,0
DA:39,0
DA:40,0
DA:41,0
DA:42,0
LF:15
LH:1
end_of_record
SF:lib/src/features/catalog/data/samples/sample_components/widgets/navigationrail_sample.dart
DA:9,0
DA:10,0
DA:21,2
DA:23,0
DA:24,0
DA:31,0
DA:33,0
DA:34,0
DA:35,0
DA:36,0
DA:37,0
DA:38,0
DA:39,0
DA:40,0
DA:42,0
DA:63,0
DA:64,0
DA:65,0
DA:66,0
LF:19
LH:1
end_of_record
SF:lib/src/features/catalog/data/samples/sample_components/widgets/nestedscrollview_sample.dart
DA:3,0
DA:4,0
DA:15,2
DA:17,0
DA:19,0
DA:20,0
DA:21,0
DA:22,0
DA:23,0
DA:34,0
DA:36,0
DA:37,0
LF:12
LH:1
end_of_record
SF:lib/src/features/catalog/data/samples/sample_components/widgets/opacity_sample.dart
DA:3,0
DA:4,0
DA:15,2
DA:17,0
DA:18,0
DA:24,0
DA:26,0
DA:27,0
DA:28,0
DA:29,0
DA:30,0
DA:31,0
DA:35,0
DA:39,0
DA:40,0
DA:41,0
DA:49,0
DA:53,0
DA:54,0
DA:55,0
DA:58,0
DA:59,0
DA:60,0
LF:23
LH:1
end_of_record
SF:lib/src/features/catalog/data/samples/sample_components/widgets/outlinedbutton_sample.dart
DA:3,0
DA:4,0
DA:15,2
DA:17,0
DA:19,0
DA:20,0
DA:21,0
DA:23,0
DA:24,0
DA:25,0
LF:10
LH:1
end_of_record
SF:lib/src/features/catalog/data/samples/sample_components/widgets/overflowbar_sample.dart
DA:3,0
DA:4,0
DA:15,2
DA:17,0
DA:19,0
DA:20,0
DA:21,0
DA:23,0
DA:28,0
DA:29,0
DA:30,0
DA:31,0
DA:34,0
LF:13
LH:1
end_of_record
SF:lib/src/features/catalog/data/samples/sample_components/widgets/pageview_sample.dart
DA:11,0
DA:12,0
DA:23,2
DA:25,0
DA:27,0
DA:28,0
DA:29,0
DA:30,0
DA:31,0
DA:32,0
DA:34,0
DA:35,0
DA:36,0
LF:13
LH:1
end_of_record
SF:lib/src/features/catalog/data/samples/sample_components/widgets/paginateddatatable_sample.dart
DA:4,2
DA:33,0
DA:39,0
DA:40,0
DA:41,0
DA:44,0
DA:46,0
DA:48,0
DA:50,0
DA:51,0
DA:53,0
DA:55,0
DA:57,0
DA:58,0
DA:60,0
DA:61,0
DA:62,0
DA:64,0
DA:65,0
DA:67,0
DA:71,0
DA:72,0
DA:73,0
DA:74,0
DA:75,0
DA:77,0
DA:84,0
DA:87,0
DA:88,0
DA:90,0
DA:91,0
DA:94,0
DA:95,0
DA:106,2
DA:108,0
DA:110,0
DA:121,0
DA:122,0
DA:123,0
DA:124,0
DA:125,0
DA:126,0
DA:127,0
DA:128,0
DA:133,0
DA:134,0
DA:135,0
DA:136,0
DA:137,0
DA:138,0
DA:139,0
DA:140,0
DA:141,0
DA:145,0
DA:147,0
DA:148,0
DA:150,0
DA:151,0
DA:152,0
DA:154,0
DA:155,0
DA:158,0
DA:162,0
DA:163,0
DA:164,0
DA:166,0
DA:172,0
DA:175,0
DA:176,0
DA:178,0
DA:179,0
DA:180,0
DA:182,0
DA:183,0
DA:184,0
DA:192,0
LF:76
LH:2
end_of_record
SF:lib/src/features/catalog/data/samples/sample_components/widgets/placeholder_sample.dart
DA:3,0
DA:4,0
DA:15,2
DA:17,0
LF:4
LH:1
end_of_record
SF:lib/src/features/catalog/data/samples/sample_components/widgets/popupmenubutton_sample.dart
DA:3,0
DA:4,0
DA:15,2
DA:17,0
DA:19,0
DA:20,0
DA:21,0
DA:22,0
DA:23,0
DA:24,0
DA:25,0
DA:26,0
LF:12
LH:1
end_of_record
SF:lib/src/features/catalog/data/samples/sample_components/widgets/positioned_sample.dart
DA:3,0
DA:4,0
DA:15,2
DA:17,0
DA:19,0
DA:20,0
DA:21,0
DA:24,0
DA:25,0
DA:26,0
DA:28,0
DA:29,0
DA:30,0
DA:33,0
DA:35,0
DA:38,0
DA:40,0
DA:43,0
DA:45,0
DA:48,0
LF:20
LH:1
end_of_record
SF:lib/src/features/catalog/data/samples/sample_components/widgets/radio_sample.dart
DA:3,0
DA:4,0
DA:15,2
DA:17,0
DA:18,0
DA:24,0
DA:25,0
DA:26,0
DA:30,0
DA:32,0
DA:33,0
DA:35,0
DA:36,0
DA:37,0
DA:40,0
DA:44,0
DA:46,0
DA:47,0
DA:48,0
DA:49,0
DA:50,0
DA:52,0
DA:53,0
DA:58,0
DA:60,0
DA:61,0
LF:26
LH:1
end_of_record
SF:lib/src/features/catalog/data/samples/sample_components/widgets/radiolisttile_sample.dart
DA:3,0
DA:4,0
DA:15,2
DA:17,0
DA:18,0
DA:25,0
DA:26,0
DA:27,0
DA:31,0
DA:33,0
DA:34,0
DA:36,0
DA:37,0
DA:38,0
DA:41,0
DA:42,0
DA:43,0
DA:44,0
DA:45,0
DA:46,0
DA:48,0
DA:49,0
DA:56,0
DA:57,0
DA:59,0
DA:60,0
LF:26
LH:1
end_of_record
SF:lib/src/features/catalog/data/samples/sample_components/widgets/rangeslider_sample.dart
DA:3,0
DA:4,0
DA:15,2
DA:17,0
DA:66,2
DA:86,0
DA:87,0
DA:97,0
DA:99,0
DA:100,0
DA:101,0
DA:104,0
DA:105,0
DA:106,0
DA:109,0
DA:112,0
DA:114,0
DA:115,0
DA:116,0
DA:117,0
DA:123,0
DA:124,0
DA:126,0
DA:128,0
DA:129,0
DA:130,0
DA:131,0
DA:132,0
DA:133,0
DA:134,0
DA:135,0
LF:31
LH:2
end_of_record
SF:lib/src/features/catalog/data/samples/sample_components/widgets/refreshindicator_sample.dart
DA:3,0
DA:4,0
DA:15,2
DA:17,0
DA:18,0
DA:24,0
DA:25,0
DA:27,0
DA:31,0
DA:32,0
DA:36,0
DA:38,0
DA:39,0
DA:40,0
DA:41,0
DA:43,0
DA:44,0
DA:45,0
DA:46,0
DA:50,0
LF:20
LH:1
end_of_record
SF:lib/src/features/catalog/data/samples/sample_components/widgets/reorderablelistview_sample.dart
DA:3,0
DA:4,0
DA:15,2
DA:17,0
DA:19,0
DA:25,0
DA:27,0
DA:28,0
DA:29,0
DA:32,0
DA:36,0
DA:37,0
DA:38,0
DA:39,0
DA:40,0
DA:41,0
DA:48,0
DA:49,0
DA:50,0
DA:52,0
LF:20
LH:1
end_of_record
SF:lib/src/features/catalog/data/samples/sample_components/widgets/richtext_sample.dart
DA:3,0
DA:4,0
DA:15,2
DA:17,0
DA:19,0
DA:20,0
DA:21,0
DA:22,0
DA:24,0
DA:25,0
LF:10
LH:1
end_of_record
SF:lib/src/features/catalog/data/samples/sample_components/widgets/row_sample.dart
DA:9,0
DA:10,0
DA:13,0
DA:19,2
DA:58,0
DA:59,0
DA:60,0
DA:61,0
DA:62,0
DA:64,0
DA:65,0
DA:66,0
DA:67,0
DA:75,2
DA:98,0
DA:99,0
DA:100,0
DA:101,0
DA:103,0
DA:104,0
DA:105,0
DA:106,0
DA:112,0
DA:113,0
DA:124,2
DA:126,0
DA:127,0
DA:134,0
DA:136,0
DA:137,0
DA:139,0
DA:140,0
DA:141,0
DA:142,0
DA:143,0
DA:147,0
DA:149,0
DA:150,0
DA:153,0
DA:154,0
DA:155,0
DA:156,0
DA:157,0
DA:158,0
DA:164,0
DA:165,0
DA:166,0
DA:167,0
DA:168,0
DA:169,0
LF:50
LH:3
end_of_record
SF:lib/src/features/catalog/data/samples/sample_components/widgets/safearea_sample.dart
DA:5,0
DA:6,0
DA:17,2
DA:19,0
DA:20,0
DA:24,0
DA:25,0
DA:30,0
DA:31,0
DA:36,0
DA:39,0
DA:40,0
DA:41,0
DA:42,0
DA:43,0
DA:51,0
DA:53,0
DA:54,0
DA:55,0
DA:59,0
DA:60,0
DA:61,0
DA:66,0
DA:67,0
DA:82,2
DA:84,0
DA:86,0
DA:87,0
DA:88,0
DA:89,0
DA:93,0
DA:94,0
DA:95,0
DA:96,0
DA:97,0
DA:113,2
DA:115,0
DA:117,0
DA:118,0
DA:119,0
DA:123,0
DA:124,0
DA:125,0
DA:126,0
DA:127,0
LF:45
LH:3
end_of_record
SF:lib/src/features/catalog/data/samples/sample_components/widgets/scaffold_sample.dart
DA:3,0
DA:4,0
DA:15,2
DA:17,0
DA:19,0
DA:20,0
LF:6
LH:1
end_of_record
SF:lib/src/features/catalog/data/samples/sample_components/widgets/scrollbar_sample.dart
DA:3,0
DA:4,0
DA:15,2
DA:17,0
DA:18,0
DA:24,0
DA:26,0
DA:28,0
DA:31,0
DA:33,0
DA:34,0
DA:35,0
DA:37,0
DA:38,0
DA:40,0
DA:41,0
LF:16
LH:1
end_of_record
SF:lib/src/features/catalog/data/samples/sample_components/widgets/searchanchor_sample.dart
DA:3,0
DA:4,0
DA:15,2
DA:28,0
DA:30,0
DA:31,0
DA:32,0
DA:34,0
DA:35,0
DA:36,0
DA:40,0
DA:41,0
DA:44,0
DA:45,0
DA:46,0
DA:47,0
DA:50,0
DA:51,0
DA:52,0
DA:53,0
DA:54,0
LF:21
LH:1
end_of_record
SF:lib/src/features/catalog/data/samples/sample_components/widgets/searchbar_sample.dart
DA:14,0
DA:15,0
DA:26,2
DA:28,0
DA:29,0
DA:37,0
DA:39,0
DA:40,0
DA:43,0
DA:45,0
DA:46,0
DA:47,0
DA:50,0
DA:51,0
DA:52,0
DA:54,0
DA:56,0
DA:65,0
DA:66,0
DA:67,0
DA:68,0
DA:69,0
DA:70,0
DA:72,0
DA:76,0
DA:79,0
DA:81,0
DA:83,0
DA:84,0
DA:86,0
DA:87,0
DA:90,0
DA:91,0
DA:94,0
DA:95,0
DA:96,0
DA:99,0
DA:102,0
DA:103,0
DA:104,0
DA:111,0
DA:112,0
DA:113,0
[...]
DA:6,21
LF:1
LH:1
end_of_record
SF:lib/src/features/settings/presentation/providers/app_version_view_model_provider.dart
DA:5,6
DA:6,3
LF:2
LH:2
end_of_record
SF:lib/src/core/di/ads_enabled_provider.dart
DA:7,24
LF:1
LH:1
end_of_record
SF:lib/src/core/router/app_routes.dart
DA:13,1
DA:18,1
DA:19,1
DA:21,2
DA:27,1
DA:31,1
DA:32,1
DA:34,2
DA:40,2
DA:44,2
DA:45,2
DA:53,2
DA:57,2
DA:58,2
DA:60,4
DA:66,2
DA:67,4
LF:17
LH:17
end_of_record
SF:lib/src/features/catalog/data/repositories/favorites_repository_impl.dart
DA:8,9
DA:12,1
DA:17,2
DA:20,1
DA:25,2
DA:28,9
DA:30,18
LF:7
LH:7
end_of_record
SF:lib/src/features/catalog/presentation/providers/favorites_repository_provider.dart
DA:8,47
DA:9,8
DA:10,24
LF:3
LH:3
end_of_record
SF:lib/src/features/catalog/presentation/providers/favorites_view_model_provider.dart
DA:6,26
DA:7,13
LF:2
LH:2
end_of_record
SF:lib/src/features/catalog/presentation/view_models/favorites_view_model.dart
DA:14,39
DA:15,13
DA:18,13
DA:20,13
DA:21,13
DA:22,52
DA:27,1
DA:31,3
DA:35,3
DA:39,6
DA:41,6
DA:42,3
DA:43,12
LF:13
LH:13
end_of_record
SF:lib/src/features/home/home_screen.dart
DA:11,4
DA:13,6
DA:15,6
DA:17,6
DA:18,12
DA:21,6
DA:22,6
DA:24,6
DA:25,6
DA:27,0
DA:33,6
DA:34,6
DA:36,0
LF:13
LH:11
end_of_record
SF:lib/src/features/home/widgets/border_list_tile_item_widget.dart
DA:8,6
DA:24,6
DA:26,6
DA:27,12
DA:29,6
DA:33,6
DA:34,6
DA:35,6
DA:37,6
DA:39,6
DA:40,6
DA:41,6
DA:42,6
DA:44,6
DA:45,6
DA:47,18
LF:16
LH:16
end_of_record
SF:lib/src/features/home/widgets/component_groups/component_groups_widget.dart
DA:9,4
DA:11,6
DA:13,6
DA:15,6
DA:16,6
DA:20,6
DA:21,12
DA:22,6
DA:23,6
DA:30,6
DA:31,24
DA:32,6
DA:33,12
LF:13
LH:13
end_of_record
SF:lib/src/shared/widgets/list_tile_item_widget.dart
DA:8,11
DA:40,11
DA:42,33
DA:44,11
DA:45,11
DA:46,11
DA:47,11
DA:48,11
DA:49,11
DA:53,11
DA:54,11
DA:55,11
DA:56,11
DA:60,11
DA:61,11
DA:62,11
DA:63,10
DA:64,10
DA:66,20
DA:69,11
DA:70,11
DA:71,11
DA:72,11
DA:74,22
DA:82,11
DA:83,11
DA:84,11
DA:85,3
DA:87,6
DA:90,33
LF:30
LH:30
end_of_record
SF:lib/src/features/home/widgets/component_groups/component_group/component_group_widget.dart
DA:18,6
DA:26,6
DA:28,6
DA:38,6
DA:40,12
DA:41,6
DA:43,42
DA:47,12
DA:48,6
DA:52,6
DA:55,0
DA:56,0
DA:57,0
DA:60,0
DA:61,0
DA:63,0
DA:67,6
DA:69,12
DA:71,6
DA:74,6
DA:76,18
DA:78,6
DA:79,12
DA:80,6
DA:82,18
DA:84,6
DA:85,6
DA:86,6
DA:87,6
DA:88,30
DA:89,18
DA:90,6
DA:91,6
DA:92,6
DA:95,18
DA:100,6
DA:101,6
DA:103,6
DA:104,12
DA:105,24
DA:109,18
DA:110,6
DA:111,6
DA:116,6
DA:117,6
DA:118,6
DA:120,6
LF:47
LH:41
end_of_record
SF:lib/src/features/home/widgets/component_groups/component_group_model.dart
DA:7,6
LF:1
LH:1
end_of_record
SF:lib/src/shared/widgets/banner_ad_widget.dart
DA:12,4
DA:14,7
DA:15,7
DA:22,7
DA:24,21
DA:25,0
DA:26,0
DA:29,0
DA:30,0
DA:31,0
DA:32,0
DA:33,0
DA:37,0
DA:38,0
DA:39,0
DA:42,0
DA:47,0
DA:50,7
DA:53,7
DA:55,14
DA:57,7
DA:60,7
DA:62,21
DA:66,0
DA:75,0
DA:76,0
DA:77,0
DA:78,0
DA:79,0
LF:29
LH:11
end_of_record
SF:lib/src/shared/widgets/card_widget/card_widget.dart
DA:16,9
DA:40,9
DA:42,9
DA:43,0
DA:44,0
DA:46,0
DA:47,0
DA:50,9
DA:51,9
DA:52,9
DA:53,9
DA:54,17
DA:55,8
DA:56,16
DA:57,8
DA:59,24
DA:62,1
DA:63,1
DA:64,1
DA:65,0
DA:66,2
DA:73,9
DA:74,9
DA:75,9
LF:24
LH:19
end_of_record
SF:lib/src/features/home/widgets/component_groups/component_groups.dart
DA:6,18
DA:7,6
DA:9,12
DA:10,6
DA:17,6
DA:19,12
DA:20,6
DA:36,6
DA:38,12
DA:39,6
DA:63,6
DA:65,12
DA:66,6
DA:72,6
DA:74,12
DA:75,6
DA:87,6
DA:89,12
DA:90,6
DA:110,6
DA:112,12
DA:113,6
DA:129,6
DA:131,12
DA:132,6
DA:146,6
DA:148,12
DA:149,6
DA:171,6
DA:173,12
DA:174,6
DA:189,6
DA:191,12
DA:192,6
DA:201,6
DA:203,12
DA:204,6
LF:37
LH:37
end_of_record
SF:lib/src/shared/utils/open_url/open_url.dart
DA:11,5
DA:15,10
DA:16,1
DA:17,1
DA:18,1
DA:19,1
DA:20,1
LF:7
LH:7
end_of_record
SF:lib/src/shared/utils/open_url/open_url_error_dialog.dart
DA:10,1
DA:18,2
DA:20,2
DA:22,2
DA:23,2
DA:24,2
DA:25,2
DA:26,1
DA:27,1
DA:32,2
DA:33,2
DA:35,2
DA:41,2
DA:42,2
DA:43,4
DA:44,2
DA:45,6
DA:48,2
DA:49,2
DA:50,2
DA:51,6
LF:21
LH:21
end_of_record
SF:lib/src/shared/widgets/dialog/dialog_button_widget.dart
DA:6,5
DA:27,10
DA:29,5
DA:31,15
DA:33,5
DA:34,5
DA:38,5
DA:40,5
DA:41,5
DA:42,5
DA:43,5
DA:44,5
DA:48,5
DA:49,5
DA:50,5
DA:52,5
DA:54,5
DA:55,5
DA:56,5
DA:57,5
DA:60,5
LF:21
LH:21
end_of_record
SF:lib/src/shared/widgets/dialog/dialog_widget.dart
DA:6,4
DA:26,10
DA:28,5
DA:30,10
DA:31,10
DA:33,5
DA:34,5
DA:35,5
DA:38,5
DA:43,5
DA:46,5
DA:47,5
DA:48,5
DA:52,5
DA:53,5
DA:55,10
DA:57,5
DA:61,5
DA:62,1
DA:63,1
DA:65,4
DA:67,1
DA:68,1
DA:70,2
DA:71,1
DA:75,10
DA:76,5
DA:77,5
DA:78,6
DA:79,10
DA:81,5
DA:83,5
DA:86,10
DA:87,5
DA:89,5
LF:35
LH:35
end_of_record
SF:lib/src/shared/widgets/card_widget/save_button/save_button_widget.dart
DA:12,10
DA:24,1
DA:25,1
DA:26,1
DA:27,1
DA:28,1
DA:29,1
DA:30,1
DA:31,0
DA:32,0
DA:33,0
DA:34,0
DA:35,1
DA:39,1
DA:40,1
DA:41,1
DA:42,1
DA:43,1
DA:44,1
DA:45,1
DA:46,0
DA:47,0
DA:48,0
DA:49,0
DA:50,1
DA:54,10
DA:56,10
DA:57,20
DA:58,50
DA:62,10
DA:64,10
DA:65,11
DA:66,1
DA:68,3
DA:69,3
DA:71,1
DA:73,1
DA:75,2
DA:78,10
DA:80,30
LF:40
LH:32
end_of_record
SF:lib/src/shared/widgets/icon_button_widget.dart
DA:8,18
DA:15,18
DA:32,18
DA:34,18
DA:35,18
DA:36,18
DA:37,18
DA:39,18
DA:42,18
DA:43,18
DA:44,13
DA:45,13
DA:46,39
LF:13
LH:13
end_of_record
SF:lib/src/shared/widgets/ink_well_button_widget.dart
DA:6,20
DA:26,20
DA:28,20
DA:29,20
DA:30,20
DA:31,20
DA:33,20
DA:34,40
DA:35,20
DA:36,20
DA:37,20
DA:38,40
DA:40,20
LF:13
LH:13
end_of_record
SF:lib/l10n/l10n.dart
DA:6,6
DA:13,0
DA:16,3
DA:19,0
LF:4
LH:2
end_of_record
SF:lib/src/core/di/theme_notifier_provider.dart
DA:6,42
LF:1
LH:1
end_of_record
SF:lib/src/core/theme/theme_notifier.dart
DA:9,42
DA:10,14
DA:13,14
DA:15,28
DA:17,28
DA:21,9
DA:24,3
DA:25,6
DA:27,6
DA:29,6
LF:10
LH:10
end_of_record
SF:lib/src/core/router/app_router.dart
DA:17,15
DA:19,1
DA:20,1
DA:22,5
DA:23,5
DA:25,4
DA:27,5
DA:30,2
DA:31,4
DA:32,4
DA:33,2
DA:34,6
DA:35,1
DA:38,2
DA:41,5
DA:44,3
DA:45,6
DA:46,3
DA:47,9
DA:48,1
DA:51,3
DA:54,5
DA:57,3
DA:58,3
DA:60,3
DA:61,3
DA:62,3
DA:63,3
DA:64,3
DA:65,3
DA:69,5
DA:72,3
DA:73,6
DA:74,3
DA:75,9
DA:76,1
DA:79,3
DA:82,5
DA:85,3
LF:39
LH:39
end_of_record
SF:lib/src/core/shell/root_navigation.dart
DA:19,3
DA:21,5
DA:22,5
DA:28,2
DA:29,12
DA:30,2
DA:31,4
DA:40,5
DA:42,5
DA:44,10
DA:45,15
DA:49,5
DA:51,10
DA:52,5
DA:55,5
DA:57,5
DA:59,5
DA:60,5
DA:61,5
DA:62,5
DA:63,5
DA:66,15
DA:68,5
DA:71,5
DA:73,5
DA:74,10
DA:75,5
DA:80,17
DA:81,2
DA:84,5
DA:86,5
DA:88,5
DA:89,5
DA:90,5
DA:91,2
DA:92,10
DA:95,5
DA:99,5
DA:100,5
DA:102,4
DA:103,6
DA:104,2
DA:105,10
LF:43
LH:43
end_of_record
SF:lib/src/features/catalog/presentation/screens/component/component_screen.dart
DA:17,3
DA:29,4
DA:31,8
DA:33,4
DA:34,4
DA:35,4
DA:39,11
DA:42,4
DA:43,4
DA:45,3
DA:47,1
DA:49,0
DA:50,0
DA:51,0
DA:52,0
DA:53,0
DA:54,0
DA:58,4
DA:59,4
DA:61,8
DA:62,4
DA:63,4
DA:64,4
DA:65,4
DA:67,4
DA:68,4
DA:69,4
DA:70,4
DA:72,4
DA:73,1
DA:74,1
DA:75,1
DA:76,1
DA:77,0
DA:78,2
DA:84,4
DA:85,4
DA:91,4
DA:92,4
DA:93,4
DA:94,4
DA:95,4
DA:96,4
LF:43
LH:36
end_of_record
SF:lib/src/features/catalog/presentation/screens/component_sample/component_sample_screen.dart
DA:13,5
DA:37,6
DA:39,6
DA:44,12
DA:46,12
DA:49,6
DA:51,12
DA:53,6
DA:56,6
DA:58,24
DA:60,6
DA:61,12
DA:62,12
DA:63,6
DA:65,6
DA:66,6
DA:67,12
DA:68,12
DA:69,12
DA:70,12
DA:72,6
DA:73,12
DA:74,1
DA:75,3
DA:76,6
DA:77,6
DA:78,6
DA:79,12
DA:81,6
DA:82,12
DA:83,12
DA:84,12
DA:89,6
DA:90,12
DA:91,6
DA:96,1
DA:97,2
DA:98,1
DA:99,1
DA:101,1
DA:102,1
DA:103,1
DA:104,1
DA:105,4
DA:111,1
DA:112,1
DA:113,1
DA:114,4
LF:48
LH:48
end_of_record
SF:lib/src/features/catalog/presentation/screens/interface_catalog/interface_catalog_screen.dart
DA:16,3
DA:24,3
DA:30,3
DA:32,3
DA:33,3
DA:34,2
DA:36,2
DA:37,3
DA:38,3
DA:40,3
DA:43,3
DA:44,3
DA:47,3
DA:52,3
DA:53,3
DA:54,1
DA:55,1
DA:57,1
DA:58,1
DA:60,1
DA:61,1
DA:62,1
DA:66,3
LF:23
LH:23
end_of_record
SF:lib/src/features/catalog/presentation/screens/saved_components/saved_components_screen.dart
DA:13,3
DA:21,3
DA:23,3
DA:27,3
DA:28,3
DA:29,2
DA:30,2
DA:31,3
DA:32,3
DA:33,3
DA:34,1
DA:35,1
DA:36,1
DA:37,0
DA:38,0
DA:39,1
DA:40,1
DA:43,3
DA:44,6
DA:45,9
DA:50,6
DA:51,6
DA:52,12
DA:53,3
DA:55,3
DA:56,3
DA:59,3
DA:60,0
DA:61,0
DA:62,0
DA:65,3
DA:66,3
LF:32
LH:27
end_of_record
SF:lib/src/features/code_theme_selector/presentation/screens/code_theme_selector_screen.dart
DA:34,3
DA:36,4
DA:38,4
DA:46,4
DA:48,4
DA:50,8
DA:56,4
DA:58,8
DA:60,4
DA:63,4
DA:65,4
DA:66,12
DA:68,4
DA:69,4
DA:70,4
DA:71,4
DA:73,4
DA:74,1
DA:75,4
DA:76,4
DA:77,4
DA:78,4
DA:80,4
DA:81,4
DA:86,4
DA:87,4
DA:88,4
DA:89,4
DA:90,4
DA:92,4
DA:93,1
DA:94,1
DA:95,5
DA:104,4
DA:105,4
DA:107,4
DA:108,1
DA:109,1
DA:110,5
LF:39
LH:39
end_of_record
SF:lib/src/core/shell/widgets/bottom_navigation_bar/bottom_navigation_bar_widget.dart
DA:10,5
DA:30,5
DA:32,15
DA:34,5
DA:35,5
DA:37,5
DA:38,5
DA:39,5
DA:43,5
DA:47,5
DA:48,5
DA:49,5
DA:50,5
DA:51,5
DA:52,5
LF:15
LH:15
end_of_record
SF:lib/src/core/shell/widgets/root_app_bar/root_app_bar_widget.dart
DA:14,3
DA:16,5
DA:19,5
DA:20,5
DA:24,1
DA:25,1
DA:26,1
DA:27,1
DA:28,1
DA:35,5
DA:37,5
DA:39,5
DA:40,5
DA:41,5
DA:58,5
DA:59,5
DA:60,5
DA:62,10
LF:18
LH:18
end_of_record
SF:lib/src/features/catalog/presentation/screens/components/components_screen.dart
DA:11,7
DA:23,4
DA:24,4
DA:28,12
DA:31,3
DA:33,3
DA:35,12
DA:36,1
DA:40,1
DA:41,1
DA:42,1
DA:45,1
DA:46,2
DA:47,4
DA:48,2
DA:49,2
DA:50,1
DA:51,4
DA:52,2
DA:55,1
DA:59,0
DA:60,0
DA:61,0
DA:62,0
DA:66,4
DA:68,4
DA:69,8
DA:70,4
DA:71,4
DA:72,4
DA:74,4
DA:75,8
DA:76,4
DA:77,4
DA:85,4
DA:86,4
DA:87,4
DA:89,4
DA:90,8
DA:91,4
DA:92,4
DA:93,4
LF:42
LH:38
end_of_record
SF:lib/src/features/catalog/presentation/screens/elements/elements_screen.dart
DA:13,3
DA:15,3
DA:16,3
DA:23,3
DA:25,3
DA:27,3
DA:28,9
DA:29,6
DA:31,6
DA:39,3
DA:41,6
DA:42,3
DA:45,3
DA:47,3
DA:51,10
DA:52,1
DA:53,3
DA:54,3
DA:55,2
DA:59,9
DA:61,3
DA:63,3
DA:64,3
DA:65,3
DA:66,3
DA:67,1
DA:68,5
DA:71,3
DA:72,3
DA:73,9
DA:75,3
DA:76,3
DA:77,6
DA:82,3
DA:83,3
DA:84,3
DA:86,3
DA:87,6
DA:88,3
LF:39
LH:39
end_of_record
SF:lib/src/features/settings/presentation/screens/settings/settings_screen.dart
DA:18,3
DA:20,2
DA:22,2
DA:24,2
DA:25,4
DA:28,2
DA:29,2
DA:30,2
DA:34,2
DA:35,2
DA:37,2
DA:39,1
DA:42,2
DA:43,2
DA:45,2
DA:46,2
DA:48,2
DA:50,2
DA:51,2
DA:54,1
DA:55,1
DA:56,1
DA:57,0
DA:63,2
DA:64,2
DA:66,1
DA:67,1
DA:68,1
DA:69,0
DA:76,2
DA:77,2
DA:79,1
DA:80,1
DA:81,1
DA:82,0
DA:89,2
DA:90,2
DA:92,1
DA:93,1
DA:94,1
DA:95,0
DA:96,2
DA:104,2
DA:105,2
DA:107,2
DA:109,1
LF:46
LH:42
end_of_record
SF:lib/src/core/shell/widgets/bottom_navigation_bar/navigation_bar_widget.dart
DA:14,6
DA:30,6
DA:31,6
DA:35,1
DA:36,1
DA:37,2
DA:38,2
DA:40,3
DA:41,4
DA:42,2
DA:43,4
DA:47,6
DA:49,6
DA:50,6
DA:51,6
DA:52,18
DA:53,12
DA:54,12
DA:61,6
DA:62,6
DA:63,6
DA:64,6
DA:65,6
DA:67,6
DA:68,6
DA:71,6
DA:72,18
LF:27
LH:27
end_of_record
SF:lib/src/core/shell/widgets/root_app_bar/select_favorite_screen_dialog/select_favorite_screen_dialog_widget.dart
DA:15,3
DA:17,1
DA:19,1
DA:21,1
DA:22,1
DA:23,1
DA:24,1
DA:25,1
DA:26,1
DA:28,1
DA:31,1
DA:32,1
DA:33,1
DA:34,1
DA:36,1
DA:41,1
DA:44,1
DA:45,1
DA:46,1
DA:48,1
DA:53,1
DA:56,1
DA:57,1
DA:58,1
DA:60,1
DA:65,1
LF:26
LH:26
end_of_record
SF:lib/src/shared/widgets/standard_app_bar_widget.dart
DA:10,11
DA:18,11
DA:38,7
DA:40,7
DA:41,22
DA:45,11
DA:47,33
DA:49,11
DA:52,11
DA:53,11
DA:54,8
DA:55,8
DA:61,11
DA:64,29
DA:66,11
LF:15
LH:15
end_of_record
SF:lib/src/features/catalog/data/samples/sample_paths.dart
DA:2,7
DA:6,7
LF:2
LH:2
end_of_record
SF:lib/src/features/catalog/presentation/providers/component_sample_screen_inherited_widget.dart
DA:6,6
DA:20,6
DA:21,6
DA:25,0
LF:4
LH:3
end_of_record
SF:lib/src/features/catalog/presentation/samples/sample_registry.dart
DA:16,5
DA:21,5
DA:23,8
DA:24,2
DA:25,5
DA:27,16
DA:28,4
DA:29,4
DA:30,1
DA:31,1
DA:33,16
DA:34,4
DA:35,1
DA:36,1
DA:37,2
LF:15
LH:15
end_of_record
SF:lib/src/features/catalog/presentation/screens/component/widgets/doc_popup_menu_item/doc_popup_menu_item_widget.dart
DA:11,5
DA:23,1
DA:26,1
DA:29,3
DA:30,3
DA:32,1
DA:34,1
DA:36,1
DA:37,1
DA:39,1
DA:40,1
DA:41,1
DA:42,1
DA:49,3
DA:51,3
DA:52,1
DA:55,2
DA:56,3
DA:58,3
DA:60,1
DA:61,2
DA:62,3
DA:65,1
DA:66,1
DA:67,0
DA:72,9
LF:26
LH:25
end_of_record
SF:lib/src/features/catalog/presentation/screens/component/widgets/favorite_popup_menu_item/favorite_popup_menu_item_widget.dart
DA:10,4
DA:22,0
DA:25,0
DA:28,2
DA:30,2
DA:35,2
DA:37,2
DA:38,2
DA:39,2
DA:40,4
DA:41,2
DA:42,12
DA:47,2
DA:49,2
DA:50,1
DA:51,4
DA:52,2
DA:53,2
DA:56,2
DA:57,2
LF:20
LH:18
end_of_record
SF:lib/src/features/catalog/presentation/screens/component_sample/component_sample_args_resolver.dart
DA:13,6
DA:21,6
DA:23,6
LF:3
LH:3
end_of_record
SF:lib/src/features/catalog/presentation/screens/component_sample/component_sample_controller.dart
DA:9,7
DA:13,14
DA:18,21
DA:20,14
DA:50,7
DA:53,14
DA:55,7
DA:56,21
DA:58,28
DA:59,28
DA:60,5
DA:61,14
DA:62,14
DA:63,7
DA:69,2
DA:70,10
DA:72,0
DA:75,2
DA:76,4
DA:78,6
DA:80,4
DA:82,2
DA:83,4
DA:94,7
DA:95,14
DA:96,14
DA:97,7
DA:98,14
DA:99,7
DA:100,14
DA:101,14
DA:102,14
LF:32
LH:31
end_of_record
SF:lib/src/features/catalog/presentation/screens/component_sample/widgets/code_tab/code_tab_widget.dart
DA:11,7
DA:29,2
DA:30,2
DA:34,4
DA:35,4
DA:38,2
DA:40,4
DA:42,2
DA:45,2
DA:47,8
DA:48,6
DA:50,7
DA:51,2
DA:54,2
DA:55,4
DA:60,2
DA:61,4
DA:64,2
DA:65,4
DA:66,2
DA:67,2
DA:68,4
DA:75,2
DA:76,4
DA:77,2
DA:78,2
DA:82,10
DA:84,2
DA:85,2
LF:29
LH:29
end_of_record
SF:lib/src/features/catalog/presentation/screens/component_sample/widgets/component_sample_app_bar/component_sample_app_bar_widget.dart
DA:12,6
DA:32,6
DA:37,6
DA:39,6
DA:40,6
DA:41,6
DA:43,6
DA:44,6
DA:45,6
DA:46,6
DA:48,18
DA:49,2
DA:50,2
DA:51,2
DA:52,0
DA:56,2
DA:57,4
DA:60,6
DA:61,2
DA:62,0
DA:66,2
DA:67,4
DA:74,6
DA:75,6
DA:76,6
LF:25
LH:23
end_of_record
SF:lib/src/features/catalog/presentation/screens/component_sample/widgets/component_sample_font_size_selector_widget.dart
DA:7,2
DA:19,2
DA:21,2
DA:23,2
DA:26,2
DA:27,2
DA:28,2
DA:29,4
DA:31,2
DA:32,2
DA:35,2
DA:36,2
DA:37,4
LF:13
LH:13
end_of_record
SF:lib/src/features/catalog/presentation/screens/component_sample/widgets/code_tab/code_tab_controller.dart
DA:12,3
DA:17,3
DA:18,3
DA:19,3
DA:38,3
DA:39,9
DA:40,6
DA:44,2
DA:45,4
DA:47,2
DA:48,2
DA:49,2
DA:51,4
DA:52,4
DA:56,1
DA:57,4
DA:58,4
DA:59,1
DA:60,1
DA:61,2
DA:66,3
DA:67,6
DA:69,3
DA:72,9
DA:73,6
DA:75,3
DA:76,2
DA:77,2
DA:81,6
DA:83,2
DA:85,10
DA:87,2
DA:94,2
DA:98,3
DA:99,3
DA:100,6
DA:101,3
DA:102,6
LF:38
LH:38
end_of_record
SF:lib/src/features/catalog/presentation/screens/component_sample/widgets/component_sample_app_bar/component_sample_app_bar_actions.dart
DA:12,1
DA:16,2
DA:18,1
DA:19,1
DA:22,1
DA:24,1
DA:26,2
DA:31,1
DA:35,1
DA:36,1
DA:40,1
DA:42,1
DA:44,4
LF:13
LH:13
end_of_record
SF:lib/src/features/catalog/presentation/screens/component_sample/widgets/component_sample_app_bar/component_sample_tab_bar_widget.dart
DA:9,6
DA:21,6
DA:26,6
DA:28,6
DA:30,6
DA:31,6
DA:32,1
DA:33,2
DA:35,3
DA:37,6
DA:38,6
DA:39,6
DA:40,6
DA:43,6
DA:44,6
DA:45,6
LF:16
LH:16
end_of_record
SF:lib/src/shared/widgets/default_tab_bar_widget.dart
DA:7,11
DA:25,5
DA:32,11
DA:34,11
DA:35,11
DA:36,22
DA:37,33
DA:38,22
DA:40,11
DA:41,11
LF:10
LH:10
end_of_record
SF:lib/src/features/catalog/presentation/screens/components/widgets/search_field_widget/search_field_widget.dart
DA:8,5
DA:26,5
DA:27,5
DA:33,1
DA:34,3
DA:35,2
DA:38,5
DA:39,5
DA:40,5
DA:41,5
DA:42,20
DA:43,0
DA:44,5
DA:50,5
DA:52,10
DA:54,5
DA:57,5
DA:59,5
DA:62,10
DA:63,5
DA:64,5
DA:65,4
DA:66,2
DA:67,3
DA:68,3
DA:69,3
DA:70,1
DA:71,1
DA:72,3
DA:75,15
DA:77,5
DA:83,5
DA:84,5
DA:85,5
DA:86,5
DA:91,5
DA:92,5
DA:93,5
DA:94,5
DA:95,5
DA:102,5
DA:103,5
DA:104,5
DA:107,5
DA:108,5
DA:109,10
DA:110,5
DA:111,15
DA:115,10
DA:116,0
DA:117,0
LF:51
LH:48
end_of_record
SF:lib/src/features/catalog/presentation/widgets/infinity_scroll.dart
DA:9,7
DA:29,7
DA:30,7
DA:36,21
DA:38,7
DA:39,7
DA:40,0
DA:43,35
DA:45,42
DA:48,7
DA:49,7
DA:51,14
DA:53,35
DA:56,7
DA:57,7
DA:59,35
DA:61,14
DA:64,3
DA:65,6
DA:67,3
DA:71,7
DA:73,14
DA:75,7
DA:78,7
DA:80,7
DA:81,14
DA:82,7
DA:83,7
DA:84,11
DA:85,8
DA:88,7
DA:89,3
DA:92,7
DA:93,35
DA:97,21
DA:99,21
LF:36
LH:35
end_of_record
SF:lib/src/features/code_theme_selector/presentation/widgets/theme_list_widget.dart
DA:9,4
DA:36,4
DA:38,4
DA:45,8
DA:46,4
DA:49,4
DA:50,8
DA:52,4
DA:55,4
DA:56,8
DA:57,4
DA:58,1
DA:59,2
LF:13
LH:13
end_of_record
SF:lib/src/features/code_theme_selector/presentation/widgets/theme_card_widget.dart
DA:15,8
DA:19,4
DA:20,8
DA:25,2
DA:29,1
DA:30,2
DA:38,4
DA:66,4
DA:68,8
DA:69,5
DA:71,4
DA:73,4
DA:74,4
DA:75,4
DA:76,4
DA:77,4
DA:81,4
DA:82,4
DA:83,4
DA:86,4
DA:87,4
DA:88,4
DA:89,4
DA:90,2
DA:91,4
DA:97,4
DA:99,4
DA:100,4
DA:105,4
DA:107,4
DA:108,4
DA:116,4
DA:118,4
DA:119,4
DA:120,4
DA:121,4
DA:122,4
DA:123,4
DA:124,4
DA:125,4
DA:136,4
DA:140,4
DA:141,4
DA:143,4
DA:149,4
DA:150,1
DA:153,1
DA:163,4
DA:168,4
DA:174,4
DA:175,4
DA:176,4
DA:180,4
DA:181,4
LF:54
LH:54
end_of_record
SF:lib/src/features/settings/data/datasources/docs_and_resources_datasource.dart
DA:7,1
DA:8,1
DA:10,1
DA:11,1
DA:12,1
DA:16,1
DA:17,1
DA:26,1
DA:27,2
DA:31,1
DA:32,1
LF:11
LH:11
end_of_record
SF:lib/src/features/settings/domain/entities/doc_and_resources_model.dart
DA:6,4
LF:1
LH:1
end_of_record
SF:lib/src/features/settings/data/repositories/app_version_repository_impl.dart
DA:4,0
DA:5,0
DA:7,0
LF:3
LH:0
end_of_record
SF:lib/src/features/settings/domain/entities/language.dart
DA:6,3
LF:1
LH:1
end_of_record
SF:lib/src/features/settings/presentation/view_models/app_version_view_model.dart
DA:7,9
DA:8,3
DA:11,3
DA:13,6
LF:4
LH:4
end_of_record
SF:lib/src/features/settings/presentation/providers/select_language_view_model_provider.dart
DA:6,6
DA:7,3
LF:2
LH:2
end_of_record
SF:lib/src/features/settings/presentation/view_models/select_language_view_model.dart
DA:9,3
DA:11,9
DA:13,3
DA:14,9
DA:15,2
DA:20,2
DA:21,2
DA:22,10
LF:8
LH:8
end_of_record
SF:lib/src/features/settings/presentation/widgets/about_dialog_widget.dart
DA:13,3
DA:15,1
DA:17,1
DA:19,1
DA:20,1
DA:21,1
DA:22,1
DA:23,1
DA:24,1
DA:25,0
DA:30,1
DA:33,1
DA:34,1
DA:50,1
DA:51,1
LF:15
LH:14
end_of_record
SF:lib/src/features/settings/presentation/widgets/app_info_widget/app_info_widget.dart
DA:10,3
DA:12,2
DA:14,8
DA:15,4
DA:17,8
DA:19,2
DA:20,2
DA:21,2
DA:22,2
DA:29,2
DA:31,2
DA:37,2
DA:39,2
LF:13
LH:13
end_of_record
SF:lib/src/features/settings/presentation/widgets/docs_and_resources_dialog_widget.dart
DA:14,3
DA:16,1
DA:18,1
DA:20,1
DA:21,2
DA:22,1
DA:23,1
DA:24,1
DA:25,1
DA:30,1
DA:31,1
DA:32,1
DA:33,1
DA:35,1
DA:36,1
DA:37,1
DA:38,1
DA:39,0
DA:40,1
DA:44,1
DA:45,1
LF:21
LH:20
end_of_record
SF:lib/src/features/settings/presentation/widgets/select_language_widget.dart
DA:12,2
DA:20,1
DA:21,1
DA:23,3
DA:24,1
DA:25,1
DA:26,1
DA:27,2
DA:30,1
DA:31,2
DA:35,2
DA:38,1
DA:39,1
DA:42,1
DA:43,1
DA:44,1
DA:45,1
DA:47,1
DA:48,1
DA:50,3
DA:51,2
DA:54,1
DA:55,1
DA:56,1
DA:57,3
DA:69,2
DA:71,6
DA:72,4
DA:74,2
DA:75,1
DA:76,1
DA:79,2
DA:80,2
DA:81,2
DA:83,2
DA:84,2
DA:85,2
DA:86,2
DA:91,2
LF:39
LH:39
end_of_record
SF:lib/src/features/settings/presentation/widgets/app_info_widget/source_code_button_widget.dart
DA:11,3
DA:14,4
DA:16,2
DA:18,2
DA:19,4
DA:21,2
DA:25,2
DA:26,0
DA:27,0
DA:28,0
DA:29,0
DA:34,2
DA:35,2
DA:36,2
DA:40,2
DA:43,2
DA:46,2
DA:47,4
DA:48,2
DA:50,2
DA:51,2
DA:52,2
DA:55,2
DA:57,2
DA:58,2
DA:59,4
LF:26
LH:22
end_of_record
SF:lib/src/shared/widgets/back_button_widget.dart
DA:6,3
DA:8,11
DA:10,11
DA:11,1
DA:12,1
DA:14,11
DA:15,22
DA:16,11
DA:20,11
DA:22,33
LF:10
LH:10
end_of_record
SF:lib/src/shared/widgets/change_theme_button_widget.dart
DA:10,3
DA:12,12
DA:14,36
DA:16,12
DA:17,5
DA:19,24
LF:6
LH:6
end_of_record
SF:lib/src/core/services/deep_link_service.dart
DA:12,1
DA:33,1
DA:34,4
DA:35,1
DA:36,1
DA:39,2
DA:41,5
DA:43,2
DA:49,1
DA:50,1
DA:52,1
LF:11
LH:11
end_of_record
SF:lib/src/core/extensions/list_extension.dart
DA:4,1
DA:10,1
DA:11,1
DA:12,1
DA:13,1
DA:14,1
LF:6
LH:6
end_of_record
